<?xml version="1.0" encoding="utf-8"?>
<TestRun id="ab297759-197f-4d19-889a-26f44de79a18" name="Quyen.Hoang224@LT04 2026-08-26 03:00:02.8096024" xmlns="http://microsoft.com/schemas/VisualStudio/TeamTest/2010">
  <Times creation="2026-08-26T02:59:51.4167303Z" queuing="2026-08-26T02:59:51.4167303Z" start="2026-08-26T02:59:51.4167303Z" finish="2026-08-26T03:00:02.810096Z" />
  <TestSettings name="default" id="f6835041-bdd6-4668-a79e-4db9b43e2ba7">
    <Deployment runDeploymentRoot="Quyen.Hoang224_LT04_2026-08-26_03_00_02.8096024" />
  </TestSettings>
  <Results>
    <UnitTestResult executionId="100234f7-d6b0-424f-a66e-473cf1250d55" testId="0dfbc34a-a7ed-01fd-bf12-e7ead53fccc6" testName="When_SerializeEncryptedString_Should_ReturnEncrypted" computerName="LT04" duration="00:00:00.0560743" startTime="2026-08-26T02:59:51.7222114+00:00" endTime="2026-08-26T02:59:51.7782857+00:00" testType="13CDC9D9-DDB5-4fa4-A97D-D965CCFC6D4B" outcome="Passed" testListId="8C84FA94-04C1-424b-9868-57A2D4851A1D" relativeResultsDirectory="100234f7-d6b0-424f-a66e-473cf1250d55" />
    <UnitTestResult executionId="37030051-3021-4e37-aab3-d1a09cf306e6" testId="26cde19a-2c72-3281-4535-710b6631e715" testName="When_SerializeNull_Should_ReturnNull" computerName="LT04" duration="00:00:00.0007849" startTime="2026-08-26T02:59:51.7977850+00:00" endTime="2026-08-26T02:59:51.7985699+00:00" testType="13CDC9D9-DDB5-4fa4-A97D-D965CCFC6D4B" outcome="Passed" testListId="8C84FA94-04C1-424b-9868-57A2D4851A1D" relativeResultsDirectory="37030051-3021-4e37-aab3-d1a09cf306e6" />
    <UnitTestResult executionId="288fc5bf-5c36-44dd-a3dd-1a0c16d6b809" testId="460b6375-6cb8-27e5-16e7-eeb3121a6bb7" testName="When_SerializePlainText_Should_ReturnEncrypted" computerName="LT04" duration="00:00:00.0006477" startTime="2026-08-26T02:59:51.7988111+00:00" endTime="2026-08-26T02:59:51.7994588+00:00" testType="13CDC9D9-DDB5-4fa4-A97D-D965CCFC6D4B" outcome="Passed" testListId="8C84FA94-04C1-424b-9868-57A2D4851A1D" relativeResultsDirectory="288fc5bf-5c36-44dd-a3dd-1a0c16d6b809" />
    <UnitTestResult executionId="318d831e-8166-4e09-b3dc-c70922a5276f" testId="7b67088b-5c45-94d1-dd8d-64b607829561" testName="When_SerializeWhiteSpaceString_Should_ReturnEmpty" computerName="LT04" duration="00:00:00.0003293" startTime="2026-08-26T02:59:51.7996229+00:00" endTime="2026-08-26T02:59:51.7999522+00:00" testType="13CDC9D9-DDB5-4fa4-A97D-D965CCFC6D4B" outcome="Passed" testListId="8C84FA94-04C1-424b-9868-57A2D4851A1D" relativeResultsDirectory="318d831e-8166-4e09-b3dc-c70922a5276f" />
    <UnitTestResult executionId="10fcd3d1-963f-4ea8-ab42-57ecb7125f00" testId="5ce2269f-b983-b75e-bf5b-f609c275a49a" testName="When_SerializeEmpty_Should_ReturnEmpty" computerName="LT04" duration="00:00:00.0002957" startTime="2026-08-26T02:59:51.8001008+00:00" endTime="2026-08-26T02:59:51.8003965+00:00" testType="13CDC9D9-DDB5-4fa4-A97D-D965CCFC6D4B" outcome="Passed" testListId="8C84FA94-04C1-424b-9868-57A2D4851A1D" relativeResultsDirectory="10fcd3d1-963f-4ea8-ab42-57ecb7125f00" />
    <UnitTestResult executionId="8b5e8d5d-c528-47ea-b295-768469dbecc5" testId="0ccc0315-8551-8fd3-442a-2c811b5c6ef9" testName="EncryptionString_DecryptTests(Passw0rd!)" computerName="LT04" duration="00:00:00.0009986" startTime="2026-08-26T02:59:51.8011201+00:00" endTime="2026-08-26T02:59:51.8021187+00:00" testType="13CDC9D9-DDB5-4fa4-A97D-D965CCFC6D4B" outcome="Passed" testListId="8C84FA94-04C1-424b-9868-57A2D4851A1D" relativeResultsDirectory="8b5e8d5d-c528-47ea-b295-768469dbecc5" />
    <UnitTestResult executionId="c2f67727-8658-4883-9908-583ba4294eea" testId="6c08e625-01e1-890f-bf48-3e8c73108ff7" testName="EncryptionString_DecryptTests(*IFSadpass!)" computerName="LT04" duration="00:00:00.0001979" startTime="2026-08-26T02:59:51.8048841+00:00" endTime="2026-08-26T02:59:51.8050820+00:00" testType="13CDC9D9-DDB5-4fa4-A97D-D965CCFC6D4B" outcome="Passed" testListId="8C84FA94-04C1-424b-9868-57A2D4851A1D" relativeResultsDirectory="c2f67727-8658-4883-9908-583ba4294eea" />
    <UnitTestResult executionId="2306e0fd-15b7-4161-9865-b5ffd6cb4229" testId="7982036d-4600-5def-de3a-1ae382c55813" testName="EncryptionString_DecryptTests(Bankware)" computerName="LT04" duration="00:00:00.0008161" startTime="2026-08-26T02:59:51.8053012+00:00" endTime="2026-08-26T02:59:51.8061173+00:00" testType="13CDC9D9-DDB5-4fa4-A97D-D965CCFC6D4B" outcome="Passed" testListId="8C84FA94-04C1-424b-9868-57A2D4851A1D" relativeResultsDirectory="2306e0fd-15b7-4161-9865-b5ffd6cb4229" />
    <UnitTestResult executionId="4d7687c1-5dd7-4c75-83af-56e63f4d5763" testId="c20e7375-0b92-5997-e633-676a16ed74ca" testName="EncryptionString_DecryptTests(AML#GSB!2022)" computerName="LT04" duration="00:00:00.0000938" startTime="2026-08-26T02:59:51.8063431+00:00" endTime="2026-08-26T02:59:51.8064369+00:00" testType="13CDC9D9-DDB5-4fa4-A97D-D965CCFC6D4B" outcome="Passed" testListId="8C84FA94-04C1-424b-9868-57A2D4851A1D" relativeResultsDirectory="4d7687c1-5dd7-4c75-83af-56e63f4d5763" />
    <UnitTestResult executionId="cd56715b-a1db-451e-b314-4dbe0d0688db" testId="abd0579c-74f1-17b9-2e8c-6e9fe0e31a1a" testName="EncryptionString_DecryptTests(Aa123456!)" computerName="LT04" duration="00:00:00.0000970" startTime="2026-08-26T02:59:51.8066219+00:00" endTime="2026-08-26T02:59:51.8067189+00:00" testType="13CDC9D9-DDB5-4fa4-A97D-D965CCFC6D4B" outcome="Passed" testListId="8C84FA94-04C1-424b-9868-57A2D4851A1D" relativeResultsDirectory="cd56715b-a1db-451e-b314-4dbe0d0688db" />
    <UnitTestResult executionId="5f4b8cf5-550d-4eee-82a0-aba26b271928" testId="caf2769a-4486-8b97-0a37-90abf4da7c2f" testName="EncryptionString_DecryptTests(1234567890123456)" computerName="LT04" duration="00:00:00.0001714" startTime="2026-08-26T02:59:51.8068585+00:00" endTime="2026-08-26T02:59:51.8070299+00:00" testType="13CDC9D9-DDB5-4fa4-A97D-D965CCFC6D4B" outcome="Passed" testListId="8C84FA94-04C1-424b-9868-57A2D4851A1D" relativeResultsDirectory="5f4b8cf5-550d-4eee-82a0-aba26b271928" />
    <UnitTestResult executionId="2539d29a-edbd-4812-8650-ba79bc3477f2" testId="deef831a-3b72-019e-1035-cc8838ccfaf2" testName="EncryptionString_EncryptTests(8hMwjJ3roYlVrA46R803a7764Fdnqewq57JSmr6dbPs=)" computerName="LT04" duration="00:00:00.0002065" startTime="2026-08-26T02:59:51.8074685+00:00" endTime="2026-08-26T02:59:51.8076750+00:00" testType="13CDC9D9-DDB5-4fa4-A97D-D965CCFC6D4B" outcome="Passed" testListId="8C84FA94-04C1-424b-9868-57A2D4851A1D" relativeResultsDirectory="2539d29a-edbd-4812-8650-ba79bc3477f2" />
    <UnitTestResult executionId="3ea4f6c3-6a40-4e0b-8d16-e6c96b90bde1" testId="ab7ecda9-2416-0f7c-6e36-22771a502c96" testName="EncryptionString_DecryptTests(ThisStringIs28CharactersLong)" computerName="LT04" duration="00:00:00.0001122" startTime="2026-08-26T02:59:51.8078217+00:00" endTime="2026-08-26T02:59:51.8079339+00:00" testType="13CDC9D9-DDB5-4fa4-A97D-D965CCFC6D4B" outcome="Passed" testListId="8C84FA94-04C1-424b-9868-57A2D4851A1D" relativeResultsDirectory="3ea4f6c3-6a40-4e0b-8d16-e6c96b90bde1" />
    <UnitTestResult executionId="f2d4cc0d-d655-41e1-b3d4-b4cb78f0a341" testId="845af316-3bb5-b7a1-7f43-28db1685ad0a" testName="EncryptionString_EncryptTests(evYURLy2yH2b8oS9ijG9wg==)" computerName="LT04" duration="00:00:00.0000563" startTime="2026-08-26T02:59:51.8080301+00:00" endTime="2026-08-26T02:59:51.8080864+00:00" testType="13CDC9D9-DDB5-4fa4-A97D-D965CCFC6D4B" outcome="Passed" testListId="8C84FA94-04C1-424b-9868-57A2D4851A1D" relativeResultsDirectory="f2d4cc0d-d655-41e1-b3d4-b4cb78f0a341" />
    <UnitTestResult executionId="5b0eee69-fb19-4510-9aac-5cdf0b4c2683" testId="d9ffcfa4-a32d-36c1-a508-6325d01c87bc" testName="EncryptionString_EncryptTests(6mnxRnnY9GWnntM4TU08lQ==)" computerName="LT04" duration="00:00:00.0000422" startTime="2026-08-26T02:59:51.8081909+00:00" endTime="2026-08-26T02:59:51.8082331+00:00" testType="13CDC9D9-DDB5-4fa4-A97D-D965CCFC6D4B" outcome="Passed" testListId="8C84FA94-04C1-424b-9868-57A2D4851A1D" relativeResultsDirectory="5b0eee69-fb19-4510-9aac-5cdf0b4c2683" />
    <UnitTestResult executionId="70ffddb6-f086-4edd-be75-9eb464427548" testId="a53ae8cf-aa0e-2cb9-9787-1c473ddce7bb" testName="EncryptionString_EncryptTests(A+rpN8ul9UWpxHB8CPJoDWTEZbUEVzgvl4p3EIK8yJs=)" computerName="LT04" duration="00:00:00.0000349" startTime="2026-08-26T02:59:51.8083339+00:00" endTime="2026-08-26T02:59:51.8083688+00:00" testType="13CDC9D9-DDB5-4fa4-A97D-D965CCFC6D4B" outcome="Passed" testListId="8C84FA94-04C1-424b-9868-57A2D4851A1D" relativeResultsDirectory="70ffddb6-f086-4edd-be75-9eb464427548" />
    <UnitTestResult executionId="12026061-73dd-42bd-9122-acea87ae86f0" testId="0beae28e-d31b-ebce-a919-ceb5b9fc98ba" testName="EncryptionString_EncryptTests(cDAcpj+ObpPxV5IjOwtYGet55UirEkVmzCmNMU3grG0=)" computerName="LT04" duration="00:00:00.0000418" startTime="2026-08-26T02:59:51.8084625+00:00" endTime="2026-08-26T02:59:51.8085043+00:00" testType="13CDC9D9-DDB5-4fa4-A97D-D965CCFC6D4B" outcome="Passed" testListId="8C84FA94-04C1-424b-9868-57A2D4851A1D" relativeResultsDirectory="12026061-73dd-42bd-9122-acea87ae86f0" />
    <UnitTestResult executionId="45a74212-f344-4fff-8a81-00c30e949e8a" testId="534d76f7-f9ea-fe94-d7ff-8f7f871df283" testName="EncryptionString_DecryptTests(ifsinstall_TestUser)" computerName="LT04" duration="00:00:00.0000823" startTime="2026-08-26T02:59:51.8086229+00:00" endTime="2026-08-26T02:59:51.8087052+00:00" testType="13CDC9D9-DDB5-4fa4-A97D-D965CCFC6D4B" outcome="Passed" testListId="8C84FA94-04C1-424b-9868-57A2D4851A1D" relativeResultsDirectory="45a74212-f344-4fff-8a81-00c30e949e8a" />
    <UnitTestResult executionId="e0fd9ddd-5936-4014-95c3-0da6455c5c1f" testId="ea8ce5eb-fab2-b5e2-8c04-e060cf6308cb" testName="EncryptionString_DecryptTests(AMLtrac)" computerName="LT04" duration="00:00:00.0000783" startTime="2026-08-26T02:59:51.8088165+00:00" endTime="2026-08-26T02:59:51.8088948+00:00" testType="13CDC9D9-DDB5-4fa4-A97D-D965CCFC6D4B" outcome="Passed" testListId="8C84FA94-04C1-424b-9868-57A2D4851A1D" relativeResultsDirectory="e0fd9ddd-5936-4014-95c3-0da6455c5c1f" />
    <UnitTestResult executionId="f1dc5851-6eff-4c4e-84a1-daaf71afcad3" testId="e1d8ba7a-1383-8bb1-8323-fcf97cb4ada3" testName="When_DeserializeEncryptedString_Should_ReturnFullData" computerName="LT04" duration="00:00:00.0971200" startTime="2026-08-26T02:59:51.7222472+00:00" endTime="2026-08-26T02:59:51.8193672+00:00" testType="13CDC9D9-DDB5-4fa4-A97D-D965CCFC6D4B" outcome="Passed" testListId="8C84FA94-04C1-424b-9868-57A2D4851A1D" relativeResultsDirectory="f1dc5851-6eff-4c4e-84a1-daaf71afcad3" />
    <UnitTestResult executionId="9d629ad0-60b2-4ad9-8ece-28132e86b57f" testId="2f595871-aa4c-8039-bd20-59923e9481ae" testName="When_DeserializeWhiteSpaceString_Should_ReturnEmpty" computerName="LT04" duration="00:00:00.0971437" startTime="2026-08-26T02:59:51.7222236+00:00" endTime="2026-08-26T02:59:51.8193673+00:00" testType="13CDC9D9-DDB5-4fa4-A97D-D965CCFC6D4B" outcome="Passed" testListId="8C84FA94-04C1-424b-9868-57A2D4851A1D" relativeResultsDirectory="9d629ad0-60b2-4ad9-8ece-28132e86b57f" />
    <UnitTestResult executionId="ddd39691-4647-4849-b749-499e412419e2" testId="be241fc9-0058-5491-96ce-78962db179da" testName="When_DeserializeEmptyString_Should_ReturnEmpty" computerName="LT04" duration="00:00:00.0971277" startTime="2026-08-26T02:59:51.7222396+00:00" endTime="2026-08-26T02:59:51.8193673+00:00" testType="13CDC9D9-DDB5-4fa4-A97D-D965CCFC6D4B" outcome="Passed" testListId="8C84FA94-04C1-424b-9868-57A2D4851A1D" relativeResultsDirectory="ddd39691-4647-4849-b749-499e412419e2" />
    <UnitTestResult executionId="ca22ccfd-718f-4038-9bb1-a0174bef69f1" testId="70482c62-0490-8116-9860-c4bcd1761d30" testName="When_DeserializeNull_Should_ReturnNull" computerName="LT04" duration="00:00:00.0971349" startTime="2026-08-26T02:59:51.7222328+00:00" endTime="2026-08-26T02:59:51.8193677+00:00" testType="13CDC9D9-DDB5-4fa4-A97D-D965CCFC6D4B" outcome="Passed" testListId="8C84FA94-04C1-424b-9868-57A2D4851A1D" relativeResultsDirectory="ca22ccfd-718f-4038-9bb1-a0174bef69f1" />
    <UnitTestResult executionId="e7810426-b55e-4179-8adc-3fd8a3bc85c3" testId="0643e864-6f37-cee7-8992-48c181eec2a8" testName="When_DeserializePlainText_Should_ReturnFullData" computerName="LT04" duration="00:00:00.0971226" startTime="2026-08-26T02:59:51.7222446+00:00" endTime="2026-08-26T02:59:51.8193672+00:00" testType="13CDC9D9-DDB5-4fa4-A97D-D965CCFC6D4B" outcome="Passed" testListId="8C84FA94-04C1-424b-9868-57A2D4851A1D" relativeResultsDirectory="e7810426-b55e-4179-8adc-3fd8a3bc85c3" />
    <UnitTestResult executionId="fdc401c1-4296-43eb-bc70-0ebd92717a7b" testId="d558732b-9dba-5fef-5774-424d02882c6a" testName="When_UpdatingBinaries_Should_AddNewFilesAndOverrideOldFilesCorrectly" computerName="LT04" duration="00:00:00.1310150" startTime="2026-08-26T02:59:51.7808995+00:00" endTime="2026-08-26T02:59:51.9119145+00:00" testType="13CDC9D9-DDB5-4fa4-A97D-D965CCFC6D4B" outcome="Passed" testListId="8C84FA94-04C1-424b-9868-57A2D4851A1D" relativeResultsDirectory="fdc401c1-4296-43eb-bc70-0ebd92717a7b">
      <Output>
        <StdOut>[INF] Delivery.Core.Commands.Update.UpdateNewBinaryCommand: Updating 'Build2' binaries...
[DBG] Delivery.Core.Commands.Update.UpdateNewBinaryCommand: From Sources folder    (SRC): 'D:\Repos\IfsInstall\Git\Tests\Delivery.Core.IntTests\bin\Release\Commands\UpdateNewBinaryCommandTestsData\Build2'
[DBG] Delivery.Core.Commands.Update.UpdateNewBinaryCommand: To Installation folder (INS): 'D:\Repos\IfsInstall\Git\Tests\Delivery.Core.IntTests\bin\Release\Commands\UpdateNewBinaryCommandTestsData\Actual'
[DBG] Delivery.Core.Commands.Update.UpdateNewBinaryCommand: Backup folder          (BAK): 'D:\Repos\IfsInstall\Git\Tests\Delivery.Core.IntTests\bin\Release\Commands\UpdateNewBinaryCommandTestsData\$Actual'
[DBG] Delivery.Core.Commands.Update.UpdateNewBinaryCommand: Ignore folders: ["UserData"]
[DBG] Delivery.Core.Commands.Update.UpdateNewBinaryCommand: Ignore files: ["ConnectionStrings.config","ConnString.config"]
[DBG] Delivery.Core.Commands.Update.UpdateNewBinaryCommand: 1 Process file: 'Deleted.txt'
[DBG] Delivery.Core.Commands.Update.UpdateNewBinaryCommand:     Backup file from (INS) to (BAK)
[DBG] Delivery.Core.Commands.Update.UpdateNewBinaryCommand:     Override file from (SRC) to (INS)
[DBG] Delivery.Core.Commands.Update.UpdateNewBinaryCommand: 2 Process file: 'Modified.txt'
[DBG] Delivery.Core.Commands.Update.UpdateNewBinaryCommand:     Backup file from (INS) to (BAK)
[DBG] Delivery.Core.Commands.Update.UpdateNewBinaryCommand:     Override file from (SRC) to (INS)
[DBG] Delivery.Core.Commands.Update.UpdateNewBinaryCommand: 3 Process file: 'Deleted\Old.json'
[DBG] Delivery.Core.Commands.Update.UpdateNewBinaryCommand:     Backup file from (INS) to (BAK)
[DBG] Delivery.Core.Commands.Update.UpdateNewBinaryCommand:     Override file from (SRC) to (INS)
[DBG] Delivery.Core.Commands.Update.UpdateNewBinaryCommand: 4 Process file: 'Modified\File1.txt'
[DBG] Delivery.Core.Commands.Update.UpdateNewBinaryCommand:     Backup file from (INS) to (BAK)
[DBG] Delivery.Core.Commands.Update.UpdateNewBinaryCommand:     Override file from (SRC) to (INS)
[DBG] Delivery.Core.Commands.Update.UpdateNewBinaryCommand: The binaries have been updated successfully
[INF] Delivery.Core.Commands.Update.UpdateNewBinaryCommand: Updating 'Build3' binaries...
[DBG] Delivery.Core.Commands.Update.UpdateNewBinaryCommand: From Sources folder    (SRC): 'D:\Repos\IfsInstall\Git\Tests\Delivery.Core.IntTests\bin\Release\Commands\UpdateNewBinaryCommandTestsData\Build3'
[DBG] Delivery.Core.Commands.Update.UpdateNewBinaryCommand: To Installation folder (INS): 'D:\Repos\IfsInstall\Git\Tests\Delivery.Core.IntTests\bin\Release\Commands\UpdateNewBinaryCommandTestsData\Actual'
[DBG] Delivery.Core.Commands.Update.UpdateNewBinaryCommand: Backup folder          (BAK): 'D:\Repos\IfsInstall\Git\Tests\Delivery.Core.IntTests\bin\Release\Commands\UpdateNewBinaryCommandTestsData\$Actual'
[DBG] Delivery.Core.Commands.Update.UpdateNewBinaryCommand: Ignore folders: ["UserData"]
[DBG] Delivery.Core.Commands.Update.UpdateNewBinaryCommand: Ignore files: ["ConnectionStrings.config","ConnString.config"]
[DBG] Delivery.Core.Commands.Update.UpdateNewBinaryCommand: 1 Process file: 'Added.txt'
[DBG] Delivery.Core.Commands.Update.UpdateNewBinaryCommand:     Backup file from (INS) to (BAK)
[DBG] Delivery.Core.Commands.Update.UpdateNewBinaryCommand:     Override file from (SRC) to (INS)
[DBG] Delivery.Core.Commands.Update.UpdateNewBinaryCommand: 2 Process file: 'Modified.txt'
[DBG] Delivery.Core.Commands.Update.UpdateNewBinaryCommand:     Backup file from (INS) to (BAK)
[DBG] Delivery.Core.Commands.Update.UpdateNewBinaryCommand:     Override file from (SRC) to (INS)
[DBG] Delivery.Core.Commands.Update.UpdateNewBinaryCommand: 3 Process file: 'Added\Note.xml'
[DBG] Delivery.Core.Commands.Update.UpdateNewBinaryCommand:     Backup file from (INS) to (BAK)
[DBG] Delivery.Core.Commands.Update.UpdateNewBinaryCommand:     Override file from (SRC) to (INS)
[DBG] Delivery.Core.Commands.Update.UpdateNewBinaryCommand: 4 Process file: 'Modified\File1.txt'
[DBG] Delivery.Core.Commands.Update.UpdateNewBinaryCommand:     Backup file from (INS) to (BAK)
[DBG] Delivery.Core.Commands.Update.UpdateNewBinaryCommand:     Override file from (SRC) to (INS)
[DBG] Delivery.Core.Commands.Update.UpdateNewBinaryCommand: 5 Process file: 'Modified\File2.txt'
[DBG] Delivery.Core.Commands.Update.UpdateNewBinaryCommand:     Backup file from (INS) to (BAK)
[DBG] Delivery.Core.Commands.Update.UpdateNewBinaryCommand:     Override file from (SRC) to (INS)
[DBG] Delivery.Core.Commands.Update.UpdateNewBinaryCommand: The binaries have been updated successfully
</StdOut>
      </Output>
    </UnitTestResult>
    <UnitTestResult executionId="5b7ad2dd-90b8-4929-a862-035af36ba015" testId="888c6236-82dd-86c5-517d-2f1ac9dd9581" testName="When_ReplacingInitialSettingsInXmlFile_Should_Work" computerName="LT04" duration="00:00:00.2006411" startTime="2026-08-26T02:59:51.8212130+00:00" endTime="2026-08-26T02:59:52.0218541+00:00" testType="13CDC9D9-DDB5-4fa4-A97D-D965CCFC6D4B" outcome="Passed" testListId="8C84FA94-04C1-424b-9868-57A2D4851A1D" relativeResultsDirectory="5b7ad2dd-90b8-4929-a862-035af36ba015">
      <Output>
        <StdOut>[DBG] Delivery.Core.Helpers.XmlSettingFileHelper: Update '/configuration/appSettings/add[@key='ExecutionTimeout']/@value' to '600'
[DBG] Delivery.Core.Helpers.XmlSettingFileHelper: Update '/configuration/connectionStrings/@configSource' to 'File.config'
[DBG] Delivery.Core.Helpers.XmlSettingFileHelper: Update '/configuration/httpHandler' to 'SampleHandler'
</StdOut>
      </Output>
    </UnitTestResult>
    <UnitTestResult executionId="7d82338a-ae21-432b-bdf4-897cb2eace41" testId="66341c36-71a1-e7c3-9681-10c9e336869f" testName="When_ReplacingInitialSettingsInJsonFile_Should_Work" computerName="LT04" duration="00:00:00.2005950" startTime="2026-08-26T02:59:51.8212144+00:00" endTime="2026-08-26T02:59:52.0218094+00:00" testType="13CDC9D9-DDB5-4fa4-A97D-D965CCFC6D4B" outcome="Passed" testListId="8C84FA94-04C1-424b-9868-57A2D4851A1D" relativeResultsDirectory="7d82338a-ae21-432b-bdf4-897cb2eace41">
      <Output>
        <StdOut>[DBG] Delivery.Core.Helpers.JsonSettingFileHelper: Update '$.DbApiUrl.Url' to 'http://openapi.digibank.uk/'
[DBG] Delivery.Core.Helpers.JsonSettingFileHelper: Update '$.Logging.LogLevel['Microsoft.AspNetCore']' to 'Fatal'
[DBG] Delivery.Core.Helpers.JsonSettingFileHelper: Update '$.Products[?(@.ProductName=='Bankware')].LicenseKey' to 'BW_LICENSE_KEY'
</StdOut>
      </Output>
    </UnitTestResult>
    <UnitTestResult executionId="a39224fb-cdee-41f7-8819-3be8e6e4d253" testId="52490a74-6882-90e6-564f-674fd9d9ceea" testName="When_HandlingInstallConfigForSAFE_ShouldUseAllValueFromUser" computerName="LT04" duration="00:00:00.4018242" startTime="2026-08-26T02:59:51.9656755+00:00" endTime="2026-08-26T02:59:52.3674997+00:00" testType="13CDC9D9-DDB5-4fa4-A97D-D965CCFC6D4B" outcome="Passed" testListId="8C84FA94-04C1-424b-9868-57A2D4851A1D" relativeResultsDirectory="a39224fb-cdee-41f7-8819-3be8e6e4d253">
      <Output>
        <StdOut>[DBG] Delivery.Core.Services.DeliverySettingService: Bank's config: {"CustomerCode":"IFS","CustomerLicenseCode":"IFSLicenseCode","ProgramFilesPath":"X:\\Program Files (x86)","InetpubPath":"X:\\inetpub","AMLtrac":null,"SAFE":{"Modules":{"Database":{"ShouldInstall":true,"UseExistingDatabase":false,"DatabaseIdentifier":"Unknown","DatabaseName":"safe.ifs.db","ConnectionStringName":null,"FolderNameForInstall":null,"SourceFolderPathForInstall":null,"InstallLocationPathForInstall":null,"SqlFileNameForInstall":null,"SqlFilePathForInstall":null,"FolderNameForUpdate":null,"SourceFolderPathForUpdate":null,"InstallLocationPathForUpdate":null,"DataFileLocation":null,"LogFileLocation":null,"$type":"DatabaseModule"},"WebServices":{"ShouldInstall":true,"SiteName":"safe.ifs.api","Bindings":[{"Scheme":"http","IPAddress":"*","Port":80,"HostName":"safe.ifs.api","Certificate":null,"$type":"BindingConfig"}],"BinaryFolderName":null,"BinaryFolderPath":null,"InstallFolderName":null,"InstallFolderPath":null,"RequirementFolders":null,"UserFolders":null,"IgnoreFilesDuringUpdate":null,"IgnoreFoldersDuringUpdate":null,"AppPoolNetClrVersion":"NoManagedCode","StartAfterInstall":true,"InitialSettings":null,"VirtualDirectories":null,"$type":"WebsiteModule"},"OpenAPI":{"ShouldInstall":false,"SiteName":"safe.ifs.open","Bindings":[{"Scheme":"http","IPAddress":"*","Port":80,"HostName":"safe.ifs.open","Certificate":null,"$type":"BindingConfig"}],"BinaryFolderName":null,"BinaryFolderPath":null,"InstallFolderName":null,"InstallFolderPath":null,"RequirementFolders":null,"UserFolders":null,"IgnoreFilesDuringUpdate":null,"IgnoreFoldersDuringUpdate":null,"AppPoolNetClrVersion":"NoManagedCode","StartAfterInstall":true,"InitialSettings":null,"VirtualDirectories":null,"$type":"WebsiteModule"},"Importer":{"ShouldInstall":true,"BinaryFileName":null,"BinaryFolderName":null,"BinaryFolderPath":null,"ApplicationName":null,"InstallFolderName":null,"InstallFolderPath":null,"SchedulerTask":{"Name":"safe.ifs.importer","Description":null,"DaysInterval":null,"StartAt":"20:00:00","$type":"SchedulerTask"},"RequirementFolders":null,"UserFolders":null,"IgnoreFilesDuringUpdate":null,"IgnoreFoldersDuringUpdate":null,"StartAfterInstall":true,"InitialSettings":null,"$type":"SchedulerTaskModule"},"$type":"SafeModule"},"InstanceName":"IFS_SAFE","ProductCode":null,"ProductType":"SAFE","Version":null,"BuildNumber":null,"BinaryFolderPath":null,"SubPathInZipFile":null,"ProgramFilesPath":null,"BackupPath":"","InetpubPath":null,"SqlServer":{"InstanceName":".\\SQL2019","IntegratedSecurity":false,"Username":{"Encrypted":"aomzH+6IHscIbWQw4y2sEdccmBpt0dLJrS6dYgZuue8=","PlainText":"safe.ifs.sqluser","IsNotNullOrEmpty":true,"IsNullOrEmpty":false,"$type":"EncryptionString"},"Password":{"Encrypted":"Btm+9QHTIqTIjYI6ofOVuQ==","PlainText":"safe.ifs.sqlpwd","IsNotNullOrEmpty":true,"IsNullOrEmpty":false,"$type":"EncryptionString"},"Encrypt":true,"TrustServerCertificate":false,"$type":"SqlServerConfig"},"AccountToRunServices":{"Username":{"Encrypted":null,"PlainText":null,"IsNotNullOrEmpty":false,"IsNullOrEmpty":true,"$type":"EncryptionString"},"Password":{"Encrypted":null,"PlainText":null,"IsNotNullOrEmpty":false,"IsNullOrEmpty":true,"$type":"EncryptionString"},"$type":"AccountToRunServicesConfig"},"SchemaVersion":8,"IsLatestVersion":true,"$type":"SafeConfig"},"Bankware":null,"IBank":null,"DigitalBanking":null,"SystemMonitor":null,"Licensing":null,"$type":"Configs"}
[DBG] Delivery.Core.Services.DeliverySettingService: Merge Bank's setting to the default setting
[DBG] Delivery.Core.Services.DeliverySettingService: Update Binary path and Install path for all Modules
[DBG] Delivery.Core.Services.DeliverySettingService: Start determine install status of the Product.
[DBG] Delivery.Core.Services.DeliverySettingService: Deliver config: {"Modules":{"Database":{"ShouldInstall":true,"UseExistingDatabase":false,"DatabaseIdentifier":"SAFE","DatabaseName":"safe.ifs.db","ConnectionStringName":"IFS.WLCE.DAL.ConnectionString","FolderNameForInstall":"Database","SourceFolderPathForInstall":"X:\\IFSInstall\\ExtractFolder\\IFS_SAFE\\Publish\\Database","InstallLocationPathForInstall":"X:\\Program Files (x86)\\i-Financial\\IFS_SAFE\\Database","SqlFileNameForInstall":"Database.sql","SqlFilePathForInstall":"X:\\Program Files (x86)\\i-Financial\\IFS_SAFE\\Database\\Database.sql","FolderNameForUpdate":"DBUpdates","SourceFolderPathForUpdate":"X:\\IFSInstall\\ExtractFolder\\IFS_SAFE\\Publish\\DBUpdates","InstallLocationPathForUpdate":"X:\\Program Files (x86)\\i-Financial\\IFS_SAFE\\DBUpdates","DataFileLocation":null,"LogFileLocation":null,"$type":"DatabaseModule"},"WebServices":{"ShouldInstall":true,"SiteName":"safe.ifs.api","Bindings":[{"Scheme":"http","IPAddress":"*","Port":80,"HostName":"safe.ifs.api","Certificate":null,"$type":"BindingConfig"}],"BinaryFolderName":"WebServices","BinaryFolderPath":"X:\\IFSInstall\\ExtractFolder\\IFS_SAFE\\Publish\\WebServices","InstallFolderName":"WebServices","InstallFolderPath":"X:\\inetpub\\i-Financial\\IFS_SAFE\\WebServices","RequirementFolders":["Configs","log"],"UserFolders":["log"],"IgnoreFilesDuringUpdate":["ConnectionStrings.config"],"IgnoreFoldersDuringUpdate":[],"AppPoolNetClrVersion":"Ver4_0","StartAfterInstall":true,"InitialSettings":null,"VirtualDirectories":[],"$type":"WebsiteModule"},"OpenAPI":{"ShouldInstall":false,"SiteName":"safe.ifs.open","Bindings":[{"Scheme":"http","IPAddress":"*","Port":80,"HostName":"safe.ifs.open","Certificate":null,"$type":"BindingConfig"}],"BinaryFolderName":"OpenAPI","BinaryFolderPath":"X:\\IFSInstall\\ExtractFolder\\IFS_SAFE\\Publish\\OpenAPI","InstallFolderName":"OpenAPI","InstallFolderPath":"X:\\inetpub\\i-Financial\\IFS_SAFE\\OpenAPI","RequirementFolders":["Configs","log"],"UserFolders":["log"],"IgnoreFilesDuringUpdate":["ConnectionStrings.config"],"IgnoreFoldersDuringUpdate":[],"AppPoolNetClrVersion":"Ver4_0","StartAfterInstall":true,"InitialSettings":null,"VirtualDirectories":[],"$type":"WebsiteModule"},"Importer":{"ShouldInstall":true,"BinaryFileName":"WLImporter.exe","BinaryFolderName":"Importer","BinaryFolderPath":"X:\\IFSInstall\\ExtractFolder\\IFS_SAFE\\Publish\\Importer","ApplicationName":"WLImporter","InstallFolderName":"Importer","InstallFolderPath":"X:\\Program Files (x86)\\i-Financial\\IFS_SAFE\\Importer","SchedulerTask":{"Name":"safe.ifs.importer","Description":"SAFE Importer","DaysInterval":1,"StartAt":"20:00:00","$type":"SchedulerTask"},"RequirementFolders":["Configs","log"],"UserFolders":["log"],"IgnoreFilesDuringUpdate":["ConnectionStrings.config"],"IgnoreFoldersDuringUpdate":[],"StartAfterInstall":true,"InitialSettings":null,"$type":"SchedulerTaskModule"},"$type":"SafeModule"},"InstanceName":"IFS_SAFE","ProductCode":"cd8553bc-09c9-445b-be04-2a8229690786","ProductType":"SAFE","Version":{"Major":10,"Minor":0,"Build":0,"Revision":0,"MajorRevision":0,"MinorRevision":0,"$type":"Version"},"BuildNumber":10,"BinaryFolderPath":"X:\\IFSInstall\\ExtractFolder\\IFS_SAFE\\Publish","SubPathInZipFile":"Publish","ProgramFilesPath":"X:\\Program Files (x86)\\i-Financial\\IFS_SAFE","BackupPath":"","InetpubPath":"X:\\inetpub\\i-Financial\\IFS_SAFE","SqlServer":{"InstanceName":".\\SQL2019","IntegratedSecurity":false,"Username":{"Encrypted":"aomzH+6IHscIbWQw4y2sEdccmBpt0dLJrS6dYgZuue8=","PlainText":"safe.ifs.sqluser","IsNotNullOrEmpty":true,"IsNullOrEmpty":false,"$type":"EncryptionString"},"Password":{"Encrypted":"Btm+9QHTIqTIjYI6ofOVuQ==","PlainText":"safe.ifs.sqlpwd","IsNotNullOrEmpty":true,"IsNullOrEmpty":false,"$type":"EncryptionString"},"Encrypt":true,"TrustServerCertificate":false,"$type":"SqlServerConfig"},"AccountToRunServices":{"Username":{"Encrypted":null,"PlainText":null,"IsNotNullOrEmpty":false,"IsNullOrEmpty":true,"$type":"EncryptionString"},"Password":{"Encrypted":null,"PlainText":null,"IsNotNullOrEmpty":false,"IsNullOrEmpty":true,"$type":"EncryptionString"},"$type":"AccountToRunServicesConfig"},"SchemaVersion":8,"IsLatestVersion":true,"$type":"SafeConfig"}
</StdOut>
      </Output>
    </UnitTestResult>
    <UnitTestResult executionId="92cc9992-4190-4e97-90d1-1f3aeb9da2c2" testId="019173ae-ed54-e483-ed62-4c7adf0e5412" testName="When_HandlingInstallConfigForDigitalBanking_ShouldUseAllValueFromUser" computerName="LT04" duration="00:00:00.3428434" startTime="2026-08-26T02:59:52.0266464+00:00" endTime="2026-08-26T02:59:52.3694898+00:00" testType="13CDC9D9-DDB5-4fa4-A97D-D965CCFC6D4B" outcome="Passed" testListId="8C84FA94-04C1-424b-9868-57A2D4851A1D" relativeResultsDirectory="92cc9992-4190-4e97-90d1-1f3aeb9da2c2">
      <Output>
        <StdOut>[DBG] Delivery.Core.Services.DeliverySettingService: Bank's config: {"CustomerCode":"IFS","CustomerLicenseCode":"IFSLicenseCode","ProgramFilesPath":"X:\\Program Files (x86)","InetpubPath":"X:\\inetpub","AMLtrac":null,"SAFE":null,"Bankware":null,"IBank":null,"DigitalBanking":{"Modules":{"Database":{"ShouldInstall":true,"UseExistingDatabase":false,"DatabaseIdentifier":"Unknown","DatabaseName":"digi.ifs.db","ConnectionStringName":null,"FolderNameForInstall":null,"SourceFolderPathForInstall":null,"InstallLocationPathForInstall":null,"SqlFileNameForInstall":null,"SqlFilePathForInstall":null,"FolderNameForUpdate":null,"SourceFolderPathForUpdate":null,"InstallLocationPathForUpdate":null,"DataFileLocation":null,"LogFileLocation":null,"$type":"DatabaseModule"},"Website":{"ShouldInstall":true,"SiteName":"digi.ifs.web","Bindings":[{"Scheme":"http","IPAddress":"*","Port":80,"HostName":"digi.ifs.web","Certificate":null,"$type":"BindingConfig"}],"BinaryFolderName":null,"BinaryFolderPath":null,"InstallFolderName":null,"InstallFolderPath":null,"RequirementFolders":null,"UserFolders":null,"IgnoreFilesDuringUpdate":null,"IgnoreFoldersDuringUpdate":null,"AppPoolNetClrVersion":"NoManagedCode","StartAfterInstall":true,"InitialSettings":null,"VirtualDirectories":null,"$type":"WebsiteModule"},"OpenAPI":{"ShouldInstall":true,"SiteName":"digi.ifs.open","Bindings":[{"Scheme":"http","IPAddress":"*","Port":80,"HostName":"digi.ifs.open","Certificate":null,"$type":"BindingConfig"}],"BinaryFolderName":null,"BinaryFolderPath":null,"InstallFolderName":null,"InstallFolderPath":null,"RequirementFolders":null,"UserFolders":null,"IgnoreFilesDuringUpdate":null,"IgnoreFoldersDuringUpdate":null,"AppPoolNetClrVersion":"NoManagedCode","StartAfterInstall":true,"InitialSettings":null,"VirtualDirectories":null,"$type":"WebsiteModule"},"Hub":{"ShouldInstall":true,"SiteName":"digi.ifs.hub","Bindings":[{"Scheme":"http","IPAddress":"*","Port":80,"HostName":"digi.ifs.hub","Certificate":null,"$type":"BindingConfig"}],"BinaryFolderName":null,"BinaryFolderPath":null,"InstallFolderName":null,"InstallFolderPath":null,"RequirementFolders":null,"UserFolders":null,"IgnoreFilesDuringUpdate":null,"IgnoreFoldersDuringUpdate":null,"AppPoolNetClrVersion":"NoManagedCode","StartAfterInstall":true,"InitialSettings":null,"VirtualDirectories":null,"$type":"WebsiteModule"},"HeartBeat":{"ShouldInstall":true,"BinaryFileName":null,"BinaryFolderName":null,"BinaryFolderPath":null,"ServiceName":"digi.ifs.hb","Description":null,"InstallFolderName":null,"InstallFolderPath":null,"RequirementFolders":null,"UserFolders":null,"IgnoreFilesDuringUpdate":null,"IgnoreFoldersDuringUpdate":null,"StartAfterInstall":true,"InitialSettings":null,"$type":"WindowsServiceModule"},"$type":"DigitalBankingModule"},"InstanceName":"IFS_DIGI","ProductCode":null,"ProductType":"DigitalBanking","Version":null,"BuildNumber":null,"BinaryFolderPath":null,"SubPathInZipFile":null,"ProgramFilesPath":null,"BackupPath":"","InetpubPath":null,"SqlServer":{"InstanceName":".\\SQL2019","IntegratedSecurity":false,"Username":{"Encrypted":"ZfzApdoH+3hYh9gaRmUQ2hkbXayIl/Iv4eBUdBtwIYI=","PlainText":"digi.ifs.app.sqluser","IsNotNullOrEmpty":true,"IsNullOrEmpty":false,"$type":"EncryptionString"},"Password":{"Encrypted":"ZfzApdoH+3hYh9gaRmUQ2mIb4Rc3oEQeMoEGPO9NYLg=","PlainText":"digi.ifs.app.sqlpwd","IsNotNullOrEmpty":true,"IsNullOrEmpty":false,"$type":"EncryptionString"},"Encrypt":false,"TrustServerCertificate":true,"$type":"SqlServerConfig"},"AccountToRunServices":{"Username":{"Encrypted":null,"PlainText":null,"IsNotNullOrEmpty":false,"IsNullOrEmpty":true,"$type":"EncryptionString"},"Password":{"Encrypted":null,"PlainText":null,"IsNotNullOrEmpty":false,"IsNullOrEmpty":true,"$type":"EncryptionString"},"$type":"AccountToRunServicesConfig"},"SchemaVersion":8,"IsLatestVersion":true,"$type":"DigitalBankingConfig"},"SystemMonitor":null,"Licensing":null,"$type":"Configs"}
[DBG] Delivery.Core.Services.DeliverySettingService: Merge Bank's setting to the default setting
[DBG] Delivery.Core.Services.DeliverySettingService: Update Binary path and Install path for all Modules
[DBG] Delivery.Core.Services.DeliverySettingService: Start determine install status of the Product.
[DBG] Delivery.Core.Services.DeliverySettingService: Deliver config: {"Modules":{"Database":{"ShouldInstall":true,"UseExistingDatabase":false,"DatabaseIdentifier":"DigitalBanking","DatabaseName":"digi.ifs.db","ConnectionStringName":"DigitalBanking","FolderNameForInstall":"Database","SourceFolderPathForInstall":"X:\\IFSInstall\\ExtractFolder\\IFS_DIGI\\Publish\\Database","InstallLocationPathForInstall":"X:\\Program Files (x86)\\i-Financial\\IFS_DIGI\\Database","SqlFileNameForInstall":"Database.sql","SqlFilePathForInstall":"X:\\Program Files (x86)\\i-Financial\\IFS_DIGI\\Database\\Database.sql","FolderNameForUpdate":"DBUpdates","SourceFolderPathForUpdate":"X:\\IFSInstall\\ExtractFolder\\IFS_DIGI\\Publish\\DBUpdates","InstallLocationPathForUpdate":"X:\\Program Files (x86)\\i-Financial\\IFS_DIGI\\DBUpdates","DataFileLocation":null,"LogFileLocation":null,"$type":"DatabaseModule"},"Website":{"ShouldInstall":true,"SiteName":"digi.ifs.web","Bindings":[{"Scheme":"http","IPAddress":"*","Port":80,"HostName":"digi.ifs.web","Certificate":null,"$type":"BindingConfig"}],"BinaryFolderName":"Website","BinaryFolderPath":"X:\\IFSInstall\\ExtractFolder\\IFS_DIGI\\Publish\\Website","InstallFolderName":"Website","InstallFolderPath":"X:\\inetpub\\i-Financial\\IFS_DIGI\\Website","RequirementFolders":["logs","log"],"UserFolders":["logs","log"],"IgnoreFilesDuringUpdate":["ConnectionStrings.config","appSettings.json"],"IgnoreFoldersDuringUpdate":[],"AppPoolNetClrVersion":"NoManagedCode","StartAfterInstall":true,"InitialSettings":null,"VirtualDirectories":[{"Path":"aspnet_client","PhysicalPath":"C:\\inetpub\\wwwroot\\aspnet_client","$type":"VirtualDirectory"}],"$type":"WebsiteModule"},"OpenAPI":{"ShouldInstall":true,"SiteName":"digi.ifs.open","Bindings":[{"Scheme":"http","IPAddress":"*","Port":80,"HostName":"digi.ifs.open","Certificate":null,"$type":"BindingConfig"}],"BinaryFolderName":"OpenAPI","BinaryFolderPath":"X:\\IFSInstall\\ExtractFolder\\IFS_DIGI\\Publish\\OpenAPI","InstallFolderName":"OpenAPI","InstallFolderPath":"X:\\inetpub\\i-Financial\\IFS_DIGI\\OpenAPI","RequirementFolders":["Images","log","logs"],"UserFolders":["Images","log","logs"],"IgnoreFilesDuringUpdate":["ConnectionStrings.config","appSettings.json"],"IgnoreFoldersDuringUpdate":[],"AppPoolNetClrVersion":"NoManagedCode","StartAfterInstall":true,"InitialSettings":null,"VirtualDirectories":[],"$type":"WebsiteModule"},"Hub":{"ShouldInstall":true,"SiteName":"digi.ifs.hub","Bindings":[{"Scheme":"http","IPAddress":"*","Port":80,"HostName":"digi.ifs.hub","Certificate":null,"$type":"BindingConfig"}],"BinaryFolderName":"Hub","BinaryFolderPath":"X:\\IFSInstall\\ExtractFolder\\IFS_DIGI\\Publish\\Hub","InstallFolderName":"Hub","InstallFolderPath":"X:\\inetpub\\i-Financial\\IFS_DIGI\\Hub","RequirementFolders":["Images","log","logs"],"UserFolders":["Images","log","logs"],"IgnoreFilesDuringUpdate":["ConnectionStrings.config","appSettings.json"],"IgnoreFoldersDuringUpdate":[],"AppPoolNetClrVersion":"NoManagedCode","StartAfterInstall":true,"InitialSettings":null,"VirtualDirectories":[],"$type":"WebsiteModule"},"HeartBeat":{"ShouldInstall":true,"BinaryFileName":"IFS.DB.HeartBeat.exe","BinaryFolderName":"HeartBeat","BinaryFolderPath":"X:\\IFSInstall\\ExtractFolder\\IFS_DIGI\\Publish\\HeartBeat","ServiceName":"digi.ifs.hb","Description":"iBank - Heartbeat","InstallFolderName":"HeartBeat","InstallFolderPath":"X:\\Program Files (x86)\\i-Financial\\IFS_DIGI\\HeartBeat","RequirementFolders":["log"],"UserFolders":["log"],"IgnoreFilesDuringUpdate":["ConnectionStrings.config","appSettings.json"],"IgnoreFoldersDuringUpdate":[],"StartAfterInstall":true,"InitialSettings":null,"$type":"WindowsServiceModule"},"$type":"DigitalBankingModule"},"InstanceName":"IFS_DIGI","ProductCode":"cd8553bc-09c9-445b-be04-2a8229690786","ProductType":"DigitalBanking","Version":{"Major":10,"Minor":0,"Build":0,"Revision":0,"MajorRevision":0,"MinorRevision":0,"$type":"Version"},"BuildNumber":10,"BinaryFolderPath":"X:\\IFSInstall\\ExtractFolder\\IFS_DIGI\\Publish","SubPathInZipFile":"Publish","ProgramFilesPath":"X:\\Program Files (x86)\\i-Financial\\IFS_DIGI","BackupPath":"","InetpubPath":"X:\\inetpub\\i-Financial\\IFS_DIGI","SqlServer":{"InstanceName":".\\SQL2019","IntegratedSecurity":false,"Username":{"Encrypted":"ZfzApdoH+3hYh9gaRmUQ2hkbXayIl/Iv4eBUdBtwIYI=","PlainText":"digi.ifs.app.sqluser","IsNotNullOrEmpty":true,"IsNullOrEmpty":false,"$type":"EncryptionString"},"Password":{"Encrypted":"ZfzApdoH+3hYh9gaRmUQ2mIb4Rc3oEQeMoEGPO9NYLg=","PlainText":"digi.ifs.app.sqlpwd","IsNotNullOrEmpty":true,"IsNullOrEmpty":false,"$type":"EncryptionString"},"Encrypt":false,"TrustServerCertificate":true,"$type":"SqlServerConfig"},"AccountToRunServices":{"Username":{"Encrypted":null,"PlainText":null,"IsNotNullOrEmpty":false,"IsNullOrEmpty":true,"$type":"EncryptionString"},"Password":{"Encrypted":null,"PlainText":null,"IsNotNullOrEmpty":false,"IsNullOrEmpty":true,"$type":"EncryptionString"},"$type":"AccountToRunServicesConfig"},"SchemaVersion":8,"IsLatestVersion":true,"$type":"DigitalBankingConfig"}
</StdOut>
      </Output>
    </UnitTestResult>
    <UnitTestResult executionId="2b5f4c8f-0690-4950-9f23-c318b03be292" testId="c9d69413-8935-5883-e05e-fb91560d37b9" testName="When_HandlingInstallConfigForAMLtrac10_ShouldUseAllValueFromUser" computerName="LT04" duration="00:00:00.4260268" startTime="2026-08-26T02:59:51.9656755+00:00" endTime="2026-08-26T02:59:52.3917023+00:00" testType="13CDC9D9-DDB5-4fa4-A97D-D965CCFC6D4B" outcome="Passed" testListId="8C84FA94-04C1-424b-9868-57A2D4851A1D" relativeResultsDirectory="2b5f4c8f-0690-4950-9f23-c318b03be292">
      <Output>
        <StdOut>[DBG] Delivery.Core.Services.DeliverySettingService: Bank's config: {"CustomerCode":"IFS","CustomerLicenseCode":"IFSLicenseCode","ProgramFilesPath":"X:\\Program Files (x86)","InetpubPath":"X:\\inetpub","AMLtrac":{"Modules":{"Database":{"ShouldInstall":true,"UseExistingDatabase":false,"DatabaseIdentifier":"Unknown","DatabaseName":"aml.ifs.db","ConnectionStringName":null,"FolderNameForInstall":null,"SourceFolderPathForInstall":null,"InstallLocationPathForInstall":null,"SqlFileNameForInstall":null,"SqlFilePathForInstall":null,"FolderNameForUpdate":null,"SourceFolderPathForUpdate":null,"InstallLocationPathForUpdate":null,"DataFileLocation":null,"LogFileLocation":null,"$type":"DatabaseModule"},"Website":{"ShouldInstall":true,"SiteName":"aml.ifs.web","Bindings":[{"Scheme":"http","IPAddress":"*","Port":80,"HostName":"aml.ifs.web","Certificate":null,"$type":"BindingConfig"}],"BinaryFolderName":null,"BinaryFolderPath":null,"InstallFolderName":null,"InstallFolderPath":null,"RequirementFolders":null,"UserFolders":null,"IgnoreFilesDuringUpdate":null,"IgnoreFoldersDuringUpdate":null,"AppPoolNetClrVersion":"NoManagedCode","StartAfterInstall":true,"InitialSettings":null,"VirtualDirectories":null,"$type":"WebsiteModule"},"API":{"ShouldInstall":false,"SiteName":"aml.ifs.api","Bindings":[{"Scheme":"http","IPAddress":"*","Port":80,"HostName":"aml.ifs.api","Certificate":null,"$type":"BindingConfig"}],"BinaryFolderName":null,"BinaryFolderPath":null,"InstallFolderName":null,"InstallFolderPath":null,"RequirementFolders":null,"UserFolders":null,"IgnoreFilesDuringUpdate":null,"IgnoreFoldersDuringUpdate":null,"AppPoolNetClrVersion":"NoManagedCode","StartAfterInstall":true,"InitialSettings":null,"VirtualDirectories":null,"$type":"WebsiteModule"},"OpenAPI":{"ShouldInstall":true,"SiteName":"aml.ifs.open","Bindings":[{"Scheme":"http","IPAddress":"*","Port":80,"HostName":"aml.ifs.open","Certificate":null,"$type":"BindingConfig"}],"BinaryFolderName":null,"BinaryFolderPath":null,"InstallFolderName":null,"InstallFolderPath":null,"RequirementFolders":null,"UserFolders":null,"IgnoreFilesDuringUpdate":null,"IgnoreFoldersDuringUpdate":null,"AppPoolNetClrVersion":"NoManagedCode","StartAfterInstall":true,"InitialSettings":null,"VirtualDirectories":null,"$type":"WebsiteModule"},"EODProcess":{"ShouldInstall":true,"BinaryFileName":null,"BinaryFolderName":null,"BinaryFolderPath":null,"ApplicationName":null,"InstallFolderName":null,"InstallFolderPath":null,"SchedulerTask":{"Name":"aml.ifs.eod","Description":null,"DaysInterval":null,"StartAt":"20:00:00","$type":"SchedulerTask"},"RequirementFolders":null,"UserFolders":null,"IgnoreFilesDuringUpdate":null,"IgnoreFoldersDuringUpdate":null,"StartAfterInstall":true,"InitialSettings":null,"$type":"SchedulerTaskModule"},"PMVServer":{"ShouldInstall":true,"BinaryFileName":null,"BinaryFolderName":null,"BinaryFolderPath":null,"ServiceName":"aml.ifs.pmv","Description":null,"InstallFolderName":null,"InstallFolderPath":null,"RequirementFolders":null,"UserFolders":null,"IgnoreFilesDuringUpdate":null,"IgnoreFoldersDuringUpdate":null,"StartAfterInstall":true,"InitialSettings":null,"$type":"WindowsServiceModule"},"HeartBeat":{"ShouldInstall":true,"BinaryFileName":null,"BinaryFolderName":null,"BinaryFolderPath":null,"ServiceName":"aml.ifs.hb","Description":null,"InstallFolderName":null,"InstallFolderPath":null,"RequirementFolders":null,"UserFolders":null,"IgnoreFilesDuringUpdate":null,"IgnoreFoldersDuringUpdate":null,"StartAfterInstall":true,"InitialSettings":null,"$type":"WindowsServiceModule"},"$type":"AMLtracModule"},"InstanceName":"IFS_AML","ProductCode":null,"ProductType":"AMLtrac","Version":null,"BuildNumber":null,"BinaryFolderPath":null,"SubPathInZipFile":null,"ProgramFilesPath":null,"BackupPath":"","InetpubPath":null,"SqlServer":{"InstanceName":".\\SQL2019","IntegratedSecurity":false,"Username":{"Encrypted":"dIzHDirI2nsBKxtTPJE8Lw==","PlainText":"aml.ifs.sqluser","IsNotNullOrEmpty":true,"IsNullOrEmpty":false,"$type":"EncryptionString"},"Password":{"Encrypted":"FG4ree+GzWcpVbvulxOPgA==","PlainText":"aml.ifs.sqlpwd","IsNotNullOrEmpty":true,"IsNullOrEmpty":false,"$type":"EncryptionString"},"Encrypt":true,"TrustServerCertificate":false,"$type":"SqlServerConfig"},"AccountToRunServices":{"Username":{"Encrypted":null,"PlainText":null,"IsNotNullOrEmpty":false,"IsNullOrEmpty":true,"$type":"EncryptionString"},"Password":{"Encrypted":null,"PlainText":null,"IsNotNullOrEmpty":false,"IsNullOrEmpty":true,"$type":"EncryptionString"},"$type":"AccountToRunServicesConfig"},"SchemaVersion":8,"IsLatestVersion":true,"$type":"AMLtracConfig"},"SAFE":null,"Bankware":null,"IBank":null,"DigitalBanking":null,"SystemMonitor":null,"Licensing":null,"$type":"Configs"}
[DBG] Delivery.Core.Services.DeliverySettingService: Merge Bank's setting to the default setting
[DBG] Delivery.Core.Services.DeliverySettingService: Update Binary path and Install path for all Modules
[DBG] Delivery.Core.Services.DeliverySettingService: Start determine install status of the Product.
[DBG] Delivery.Core.Services.DeliverySettingService: Deliver config: {"Modules":{"Database":{"ShouldInstall":true,"UseExistingDatabase":false,"DatabaseIdentifier":"AMLtrac","DatabaseName":"aml.ifs.db","ConnectionStringName":"IFS.MLTracOnline.DAL.ConnectionString","FolderNameForInstall":"Database","SourceFolderPathForInstall":"X:\\IFSInstall\\ExtractFolder\\IFS_AML\\Publish\\Database","InstallLocationPathForInstall":"X:\\Program Files (x86)\\i-Financial\\IFS_AML\\Database","SqlFileNameForInstall":"Database.sql","SqlFilePathForInstall":"X:\\Program Files (x86)\\i-Financial\\IFS_AML\\Database\\Database.sql","FolderNameForUpdate":"DBUpdates","SourceFolderPathForUpdate":"X:\\IFSInstall\\ExtractFolder\\IFS_AML\\Publish\\DBUpdates","InstallLocationPathForUpdate":"X:\\Program Files (x86)\\i-Financial\\IFS_AML\\DBUpdates","DataFileLocation":null,"LogFileLocation":null,"$type":"DatabaseModule"},"Website":{"ShouldInstall":true,"SiteName":"aml.ifs.web","Bindings":[{"Scheme":"http","IPAddress":"*","Port":80,"HostName":"aml.ifs.web","Certificate":null,"$type":"BindingConfig"}],"BinaryFolderName":"Website","BinaryFolderPath":"X:\\IFSInstall\\ExtractFolder\\IFS_AML\\Publish\\Website","InstallFolderName":"Website","InstallFolderPath":"X:\\inetpub\\i-Financial\\IFS_AML\\Website","RequirementFolders":["Configs","log","DocsImages","App_Data\\DQT"],"UserFolders":["log","DocsImages"],"IgnoreFilesDuringUpdate":["ConnectionStrings.config","SessionState.config"],"IgnoreFoldersDuringUpdate":["Configs"],"AppPoolNetClrVersion":"Ver4_0","StartAfterInstall":true,"InitialSettings":null,"VirtualDirectories":[],"$type":"WebsiteModule"},"API":{"ShouldInstall":false,"SiteName":"aml.ifs.api","Bindings":[{"Scheme":"http","IPAddress":"*","Port":80,"HostName":"aml.ifs.api","Certificate":null,"$type":"BindingConfig"}],"BinaryFolderName":"API","BinaryFolderPath":"X:\\IFSInstall\\ExtractFolder\\IFS_AML\\Publish\\API","InstallFolderName":"API","InstallFolderPath":"X:\\inetpub\\i-Financial\\IFS_AML\\API","RequirementFolders":["Configs","log"],"UserFolders":["log"],"IgnoreFilesDuringUpdate":["ConnectionStrings.config"],"IgnoreFoldersDuringUpdate":[],"AppPoolNetClrVersion":"Ver4_0","StartAfterInstall":true,"InitialSettings":null,"VirtualDirectories":[],"$type":"WebsiteModule"},"OpenAPI":{"ShouldInstall":true,"SiteName":"aml.ifs.open","Bindings":[{"Scheme":"http","IPAddress":"*","Port":80,"HostName":"aml.ifs.open","Certificate":null,"$type":"BindingConfig"}],"BinaryFolderName":"OpenAPI","BinaryFolderPath":"X:\\IFSInstall\\ExtractFolder\\IFS_AML\\Publish\\OpenAPI","InstallFolderName":"OpenAPI","InstallFolderPath":"X:\\inetpub\\i-Financial\\IFS_AML\\OpenAPI","RequirementFolders":["Configs","log"],"UserFolders":["log"],"IgnoreFilesDuringUpdate":["ConnectionStrings.config"],"IgnoreFoldersDuringUpdate":[],"AppPoolNetClrVersion":"Ver4_0","StartAfterInstall":true,"InitialSettings":null,"VirtualDirectories":[],"$type":"WebsiteModule"},"EODProcess":{"ShouldInstall":true,"BinaryFileName":"EODProcess.exe","BinaryFolderName":"EOD","BinaryFolderPath":"X:\\IFSInstall\\ExtractFolder\\IFS_AML\\Publish\\EOD","ApplicationName":null,"InstallFolderName":"EOD","InstallFolderPath":"X:\\Program Files (x86)\\i-Financial\\IFS_AML\\EOD","SchedulerTask":{"Name":"aml.ifs.eod","Description":"AMLtrac - End of Day Process","DaysInterval":1,"StartAt":"20:00:00","$type":"SchedulerTask"},"RequirementFolders":["PreDataForSummaryReport","Configs","log"],"UserFolders":["log"],"IgnoreFilesDuringUpdate":["ConnectionStrings.config"],"IgnoreFoldersDuringUpdate":[],"StartAfterInstall":true,"InitialSettings":null,"$type":"SchedulerTaskModule"},"PMVServer":{"ShouldInstall":true,"BinaryFileName":"IFS.MLTracOnline.PaymentMessageMonitor.exe","BinaryFolderName":"PMVServer","BinaryFolderPath":"X:\\IFSInstall\\ExtractFolder\\IFS_AML\\Publish\\PMVServer","ServiceName":"aml.ifs.pmv","Description":"AMLtrac - Payment Message Monitor","InstallFolderName":"PMVServer","InstallFolderPath":"X:\\Program Files (x86)\\i-Financial\\IFS_AML\\PMVServer","RequirementFolders":["Configs","log"],"UserFolders":["log"],"IgnoreFilesDuringUpdate":["ConnectionStrings.config"],"IgnoreFoldersDuringUpdate":[],"StartAfterInstall":true,"InitialSettings":null,"$type":"WindowsServiceModule"},"HeartBeat":{"ShouldInstall":true,"BinaryFileName":"IFS.MLTracOnline.HeartBeat.exe","BinaryFolderName":"HeartBeat","BinaryFolderPath":"X:\\IFSInstall\\ExtractFolder\\IFS_AML\\Publish\\HeartBeat","ServiceName":"aml.ifs.hb","Description":"AMLtrac - Heartbeat","InstallFolderName":"HeartBeat","InstallFolderPath":"X:\\Program Files (x86)\\i-Financial\\IFS_AML\\HeartBeat","RequirementFolders":["Configs","log"],"UserFolders":["log"],"IgnoreFilesDuringUpdate":["ConnectionStrings.config"],"IgnoreFoldersDuringUpdate":[],"StartAfterInstall":true,"InitialSettings":null,"$type":"WindowsServiceModule"},"$type":"AMLtracModule"},"InstanceName":"IFS_AML","ProductCode":"cd8553bc-09c9-445b-be04-2a8229690786","ProductType":"AMLtrac","Version":{"Major":10,"Minor":0,"Build":0,"Revision":0,"MajorRevision":0,"MinorRevision":0,"$type":"Version"},"BuildNumber":10,"BinaryFolderPath":"X:\\IFSInstall\\ExtractFolder\\IFS_AML\\Publish","SubPathInZipFile":"Publish","ProgramFilesPath":"X:\\Program Files (x86)\\i-Financial\\IFS_AML","BackupPath":"","InetpubPath":"X:\\inetpub\\i-Financial\\IFS_AML","SqlServer":{"InstanceName":".\\SQL2019","IntegratedSecurity":false,"Username":{"Encrypted":"dIzHDirI2nsBKxtTPJE8Lw==","PlainText":"aml.ifs.sqluser","IsNotNullOrEmpty":true,"IsNullOrEmpty":false,"$type":"EncryptionString"},"Password":{"Encrypted":"FG4ree+GzWcpVbvulxOPgA==","PlainText":"aml.ifs.sqlpwd","IsNotNullOrEmpty":true,"IsNullOrEmpty":false,"$type":"EncryptionString"},"Encrypt":true,"TrustServerCertificate":false,"$type":"SqlServerConfig"},"AccountToRunServices":{"Username":{"Encrypted":null,"PlainText":null,"IsNotNullOrEmpty":false,"IsNullOrEmpty":true,"$type":"EncryptionString"},"Password":{"Encrypted":null,"PlainText":null,"IsNotNullOrEmpty":false,"IsNullOrEmpty":true,"$type":"EncryptionString"},"$type":"AccountToRunServicesConfig"},"SchemaVersion":8,"IsLatestVersion":true,"$type":"AMLtracConfig"}
</StdOut>
      </Output>
    </UnitTestResult>
    <UnitTestResult executionId="ca2c16b7-7eb9-436c-846b-5526242e4b4d" testId="9d14e8d4-3861-8b70-9ddf-85637fd592a0" testName="When_HandlingInstallConfigForBankware_ShouldUseAllValueFromUser" computerName="LT04" duration="00:00:00.4381560" startTime="2026-08-26T02:59:51.9656755+00:00" endTime="2026-08-26T02:59:52.4038315+00:00" testType="13CDC9D9-DDB5-4fa4-A97D-D965CCFC6D4B" outcome="Passed" testListId="8C84FA94-04C1-424b-9868-57A2D4851A1D" relativeResultsDirectory="ca2c16b7-7eb9-436c-846b-5526242e4b4d">
      <Output>
        <StdOut>[DBG] Delivery.Core.Services.DeliverySettingService: Bank's config: {"CustomerCode":"IFS","CustomerLicenseCode":"IFSLicenseCode","ProgramFilesPath":"X:\\Program Files (x86)","InetpubPath":"X:\\inetpub","AMLtrac":null,"SAFE":null,"Bankware":{"AppManagerSystemId":"STAG","BankwareSystemId":"TEST","BankwareApiUserName":{"Encrypted":"Fd53VUfz+hZg+tl1HNPRVQ==","PlainText":"bw.ifs.apiuser","IsNotNullOrEmpty":true,"IsNullOrEmpty":false,"$type":"EncryptionString"},"BankwareApiPassword":{"Encrypted":"PGyPCFWz2e2QchbORn5zyA==","PlainText":"bw.ifs.apipwd","IsNotNullOrEmpty":true,"IsNullOrEmpty":false,"$type":"EncryptionString"},"StreamUserId":{"Encrypted":"20v6FI9afwSUi2KTFUqyK5/P+jpt0CVrt026RwJBgoc=","PlainText":"bw.ifs.streamuser","IsNotNullOrEmpty":true,"IsNullOrEmpty":false,"$type":"EncryptionString"},"StreamPassword":{"Encrypted":"xYF6VF2R0okce3LAiwL3IbdkRKL1zVo1hLjZL+24lXQ=","PlainText":"bw.ifs.streampwd","IsNotNullOrEmpty":true,"IsNullOrEmpty":false,"$type":"EncryptionString"},"ReportsPath":"D:\\Repos\\IfsInstall\\Git\\Tests\\Delivery.Core.IntTests\\bin\\Release\\Reports","ReportsHistoryPath":"D:\\Repos\\IfsInstall\\Git\\Tests\\Delivery.Core.IntTests\\bin\\Release\\ReportsHistory","BackupConfigPath":"X:\\IFS\\BW\\Backup","Modules":{"AppManagerDB":{"InstanceName":"(Local)","IntegratedSecurity":false,"Username":{"Encrypted":"9CH0q18N41ZO3MfalhdOftdtLL3K0nNu61lCAmMle3M=","PlainText":"bw.ifs.app.sqluser","IsNotNullOrEmpty":true,"IsNullOrEmpty":false,"$type":"EncryptionString"},"Password":{"Encrypted":"2LBwx6hNufITuR65ThX6Jt3AdfpkaqxiPy+nd7QuY3w=","PlainText":"bw.ifs.app.sqlpwd","IsNotNullOrEmpty":true,"IsNullOrEmpty":false,"$type":"EncryptionString"},"Encrypt":true,"TrustServerCertificate":true,"ShouldInstall":true,"UseExistingDatabase":false,"DatabaseIdentifier":"Unknown","DatabaseName":"bw.ifs.app","ConnectionStringName":null,"FolderNameForInstall":null,"SourceFolderPathForInstall":null,"InstallLocationPathForInstall":null,"SqlFileNameForInstall":null,"SqlFilePathForInstall":null,"FolderNameForUpdate":null,"SourceFolderPathForUpdate":null,"InstallLocationPathForUpdate":null,"DataFileLocation":null,"LogFileLocation":null,"$type":"AuthenticationDatabaseModule"},"BankwareDB":{"InstanceName":"(Local)","IntegratedSecurity":false,"Username":{"Encrypted":"jYZStL6qS9o5sdAI5oL3DaPMI89f/ivk963UWmAiPR0=","PlainText":"bw.ifs.bw.sqluser","IsNotNullOrEmpty":true,"IsNullOrEmpty":false,"$type":"EncryptionString"},"Password":{"Encrypted":"EFHiciTjsTXI4PCYqh1RFdgmZjsHiejJ4f3RrBVFcY0=","PlainText":"bw.ifs.bw.sqlpwd","IsNotNullOrEmpty":true,"IsNullOrEmpty":false,"$type":"EncryptionString"},"Encrypt":true,"TrustServerCertificate":null,"ShouldInstall":true,"UseExistingDatabase":false,"DatabaseIdentifier":"Unknown","DatabaseName":"bw.ifs.bw","ConnectionStringName":null,"FolderNameForInstall":null,"SourceFolderPathForInstall":null,"InstallLocationPathForInstall":null,"SqlFileNameForInstall":null,"SqlFilePathForInstall":null,"FolderNameForUpdate":null,"SourceFolderPathForUpdate":null,"InstallLocationPathForUpdate":null,"DataFileLocation":null,"LogFileLocation":null,"$type":"AuthenticationDatabaseModule"},"BW247DB":{"ShouldInstall":true,"UseExistingDatabase":false,"DatabaseIdentifier":"Unknown","DatabaseName":"bw.ifs.bw247","ConnectionStringName":null,"FolderNameForInstall":null,"SourceFolderPathForInstall":null,"InstallLocationPathForInstall":null,"SqlFileNameForInstall":null,"SqlFilePathForInstall":null,"FolderNameForUpdate":null,"SourceFolderPathForUpdate":null,"InstallLocationPathForUpdate":null,"DataFileLocation":null,"LogFileLocation":null,"$type":"DatabaseModule"},"DocumentDB":{"ShouldInstall":true,"UseExistingDatabase":false,"DatabaseIdentifier":"Unknown","DatabaseName":"bw.ifs.doc","ConnectionStringName":null,"FolderNameForInstall":null,"SourceFolderPathForInstall":null,"InstallLocationPathForInstall":null,"SqlFileNameForInstall":null,"SqlFilePathForInstall":null,"FolderNameForUpdate":null,"SourceFolderPathForUpdate":null,"InstallLocationPathForUpdate":null,"DataFileLocation":null,"LogFileLocation":null,"$type":"DatabaseModule"},"ReportWarehouseDB":{"ShouldInstall":true,"UseExistingDatabase":false,"DatabaseIdentifier":"Unknown","DatabaseName":"bw.ifs.rpt","ConnectionStringName":null,"FolderNameForInstall":null,"SourceFolderPathForInstall":null,"InstallLocationPathForInstall":null,"SqlFileNameForInstall":null,"SqlFilePathForInstall":null,"FolderNameForUpdate":null,"SourceFolderPathForUpdate":null,"InstallLocationPathForUpdate":null,"DataFileLocation":null,"LogFileLocation":null,"$type":"DatabaseModule"},"BankwareWebsite":{"ShouldInstall":true,"SiteName":"bw.ifs.web","Bindings":[{"Scheme":"http","IPAddress":"*","Port":80,"HostName":"bw.ifs.web","Certificate":null,"$type":"BindingConfig"}],"BinaryFolderName":null,"BinaryFolderPath":null,"InstallFolderName":null,"InstallFolderPath":null,"RequirementFolders":null,"UserFolders":null,"IgnoreFilesDuringUpdate":null,"IgnoreFoldersDuringUpdate":null,"AppPoolNetClrVersion":"NoManagedCode","StartAfterInstall":true,"InitialSettings":null,"VirtualDirectories":null,"$type":"WebsiteModule"},"KioskWebsite":{"ShouldInstall":true,"SiteName":"bw.ifs.kiosk","Bindings":[{"Scheme":"http","IPAddress":"*","Port":80,"HostName":"bw.ifs.kiosk","Certificate":null,"$type":"BindingConfig"}],"BinaryFolderName":null,"BinaryFolderPath":null,"InstallFolderName":null,"InstallFolderPath":null,"RequirementFolders":null,"UserFolders":null,"IgnoreFilesDuringUpdate":null,"IgnoreFoldersDuringUpdate":null,"AppPoolNetClrVersion":"NoManagedCode","StartAfterInstall":true,"InitialSettings":null,"VirtualDirectories":null,"$type":"WebsiteModule"},"BankwareAPI":{"ShouldInstall":true,"SiteName":"bw.ifs.api","Bindings":[{"Scheme":"http","IPAddress":"*","Port":80,"HostName":"bw.ifs.api","Certificate":null,"$type":"BindingConfig"}],"BinaryFolderName":null,"BinaryFolderPath":null,"InstallFolderName":null,"InstallFolderPath":null,"RequirementFolders":null,"UserFolders":null,"IgnoreFilesDuringUpdate":null,"IgnoreFoldersDuringUpdate":null,"AppPoolNetClrVersion":"NoManagedCode","StartAfterInstall":true,"InitialSettings":null,"VirtualDirectories":null,"$type":"WebsiteModule"},"OpenAPI":{"ShouldInstall":true,"SiteName":"bw.ifs.open","Bindings":[{"Scheme":"http","IPAddress":"*","Port":80,"HostName":"bw.ifs.open","Certificate":null,"$type":"BindingConfig"}],"BinaryFolderName":null,"BinaryFolderPath":null,"InstallFolderName":null,"InstallFolderPath":null,"RequirementFolders":null,"UserFolders":null,"IgnoreFilesDuringUpdate":null,"IgnoreFoldersDuringUpdate":null,"AppPoolNetClrVersion":"NoManagedCode","StartAfterInstall":true,"InitialSettings":null,"VirtualDirectories":null,"$type":"WebsiteModule"},"CardsAPI":{"ShouldInstall":true,"SiteName":"bw.ifs.cards","Bindings":[{"Scheme":"http","IPAddress":"*","Port":80,"HostName":"bw.ifs.cards","Certificate":null,"$type":"BindingConfig"}],"BinaryFolderName":null,"BinaryFolderPath":null,"InstallFolderName":null,"InstallFolderPath":null,"RequirementFolders":null,"UserFolders":null,"IgnoreFilesDuringUpdate":null,"IgnoreFoldersDuringUpdate":null,"AppPoolNetClrVersion":"NoManagedCode","StartAfterInstall":true,"InitialSettings":null,"VirtualDirectories":null,"$type":"WebsiteModule"},"CardsOpenAPI":{"ShouldInstall":true,"SiteName":"bw.ifs.cards.open","Bindings":[{"Scheme":"http","IPAddress":"*","Port":80,"HostName":"bw.ifs.cards.open","Certificate":null,"$type":"BindingConfig"}],"BinaryFolderName":null,"BinaryFolderPath":null,"InstallFolderName":null,"InstallFolderPath":null,"RequirementFolders":null,"UserFolders":null,"IgnoreFilesDuringUpdate":null,"IgnoreFoldersDuringUpdate":null,"AppPoolNetClrVersion":"NoManagedCode","StartAfterInstall":true,"InitialSettings":null,"VirtualDirectories":null,"$type":"WebsiteModule"},"PSD2API":{"ShouldInstall":true,"SiteName":"bw.ifs.psd2","Bindings":[{"Scheme":"http","IPAddress":"*","Port":80,"HostName":"bw.ifs.psd2","Certificate":null,"$type":"BindingConfig"}],"BinaryFolderName":null,"BinaryFolderPath":null,"InstallFolderName":null,"InstallFolderPath":null,"RequirementFolders":null,"UserFolders":null,"IgnoreFilesDuringUpdate":null,"IgnoreFoldersDuringUpdate":null,"AppPoolNetClrVersion":"NoManagedCode","StartAfterInstall":true,"InitialSettings":null,"VirtualDirectories":null,"$type":"WebsiteModule"},"PSD2NETCore":{"ShouldInstall":true,"SiteName":"bw.ifs.psd2.open","Bindings":[{"Scheme":"http","IPAddress":"*","Port":80,"HostName":"bw.ifs.psd2.open","Certificate":null,"$type":"BindingConfig"}],"BinaryFolderName":null,"BinaryFolderPath":null,"InstallFolderName":null,"InstallFolderPath":null,"RequirementFolders":null,"UserFolders":null,"IgnoreFilesDuringUpdate":null,"IgnoreFoldersDuringUpdate":null,"AppPoolNetClrVersion":"NoManagedCode","StartAfterInstall":true,"InitialSettings":null,"VirtualDirectories":null,"$type":"WebsiteModule"},"TribeOpenAPI":{"ShouldInstall":true,"SiteName":"bw.ifs.tribe","Bindings":[{"Scheme":"http","IPAddress":"*","Port":80,"HostName":"bw.ifs.tribe","Certificate":null,"$type":"BindingConfig"}],"BinaryFolderName":null,"BinaryFolderPath":null,"InstallFolderName":null,"InstallFolderPath":null,"RequirementFolders":null,"UserFolders":null,"IgnoreFilesDuringUpdate":null,"IgnoreFoldersDuringUpdate":null,"AppPoolNetClrVersion":"NoManagedCode","StartAfterInstall":true,"InitialSettings":null,"VirtualDirectories":null,"$type":"WebsiteModule"},"EODProcess":{"ShouldInstall":true,"BinaryFileName":null,"BinaryFolderName":null,"BinaryFolderPath":null,"ApplicationName":null,"InstallFolderName":null,"InstallFolderPath":null,"SchedulerTask":{"Name":"bw.ifs.eod","Description":null,"DaysInterval":null,"StartAt":"20:00:00","$type":"SchedulerTask"},"RequirementFolders":null,"UserFolders":null,"IgnoreFilesDuringUpdate":null,"IgnoreFoldersDuringUpdate":null,"StartAfterInstall":true,"InitialSettings":null,"$type":"SchedulerTaskModule"},"HeartBeat":{"ShouldInstall":true,"BinaryFileName":null,"BinaryFolderName":null,"BinaryFolderPath":null,"ServiceName":"bw.ifs.hb","Description":null,"InstallFolderName":null,"InstallFolderPath":null,"RequirementFolders":null,"UserFolders":null,"IgnoreFilesDuringUpdate":null,"IgnoreFoldersDuringUpdate":null,"StartAfterInstall":true,"InitialSettings":null,"$type":"WindowsServiceModule"},"$type":"BankwareModule"},"InstanceName":"IFS_BW","ProductCode":null,"ProductType":"Bankware","Version":null,"BuildNumber":null,"BinaryFolderPath":null,"SubPathInZipFile":null,"ProgramFilesPath":null,"BackupPath":"","InetpubPath":null,"SqlServer":{"InstanceName":"(Local)","IntegratedSecurity":false,"Username":{"Encrypted":"4u5dUGTpZjgh09w28kLEmw==","PlainText":"bw.ifs.sqluser","IsNotNullOrEmpty":true,"IsNullOrEmpty":false,"$type":"EncryptionString"},"Password":{"Encrypted":"XiLDqrbbUSUq5syOlYPalg==","PlainText":"bw.ifs.sqlpwd","IsNotNullOrEmpty":true,"IsNullOrEmpty":false,"$type":"EncryptionString"},"Encrypt":true,"TrustServerCertificate":false,"$type":"SqlServerConfig"},"AccountToRunServices":{"Username":{"Encrypted":null,"PlainText":null,"IsNotNullOrEmpty":false,"IsNullOrEmpty":true,"$type":"EncryptionString"},"Password":{"Encrypted":null,"PlainText":null,"IsNotNullOrEmpty":false,"IsNullOrEmpty":true,"$type":"EncryptionString"},"$type":"AccountToRunServicesConfig"},"SchemaVersion":8,"IsLatestVersion":true,"$type":"BankwareConfig"},"IBank":null,"DigitalBanking":null,"SystemMonitor":null,"Licensing":null,"$type":"Configs"}
[DBG] Delivery.Core.Services.DeliverySettingService: Merge Bank's setting to the default setting
[DBG] Delivery.Core.Services.DeliverySettingService: Update Binary path and Install path for all Modules
[DBG] Delivery.Core.Services.DeliverySettingService: Start determine install status of the Product.
[DBG] Delivery.Core.Services.DeliverySettingService: Deliver config: {"AppManagerSystemId":"STAG","BankwareSystemId":"TEST","BankwareApiUserName":{"Encrypted":"Fd53VUfz+hZg+tl1HNPRVQ==","PlainText":"bw.ifs.apiuser","IsNotNullOrEmpty":true,"IsNullOrEmpty":false,"$type":"EncryptionString"},"BankwareApiPassword":{"Encrypted":"PGyPCFWz2e2QchbORn5zyA==","PlainText":"bw.ifs.apipwd","IsNotNullOrEmpty":true,"IsNullOrEmpty":false,"$type":"EncryptionString"},"StreamUserId":{"Encrypted":"20v6FI9afwSUi2KTFUqyK5/P+jpt0CVrt026RwJBgoc=","PlainText":"bw.ifs.streamuser","IsNotNullOrEmpty":true,"IsNullOrEmpty":false,"$type":"EncryptionString"},"StreamPassword":{"Encrypted":"xYF6VF2R0okce3LAiwL3IbdkRKL1zVo1hLjZL+24lXQ=","PlainText":"bw.ifs.streampwd","IsNotNullOrEmpty":true,"IsNullOrEmpty":false,"$type":"EncryptionString"},"ReportsPath":"D:\\Repos\\IfsInstall\\Git\\Tests\\Delivery.Core.IntTests\\bin\\Release\\Reports","ReportsHistoryPath":"D:\\Repos\\IfsInstall\\Git\\Tests\\Delivery.Core.IntTests\\bin\\Release\\ReportsHistory","BackupConfigPath":"X:\\IFS\\BW\\Backup","Modules":{"AppManagerDB":{"InstanceName":"(Local)","IntegratedSecurity":false,"Username":{"Encrypted":"9CH0q18N41ZO3MfalhdOftdtLL3K0nNu61lCAmMle3M=","PlainText":"bw.ifs.app.sqluser","IsNotNullOrEmpty":true,"IsNullOrEmpty":false,"$type":"EncryptionString"},"Password":{"Encrypted":"2LBwx6hNufITuR65ThX6Jt3AdfpkaqxiPy+nd7QuY3w=","PlainText":"bw.ifs.app.sqlpwd","IsNotNullOrEmpty":true,"IsNullOrEmpty":false,"$type":"EncryptionString"},"Encrypt":true,"TrustServerCertificate":true,"ShouldInstall":true,"UseExistingDatabase":false,"DatabaseIdentifier":"ApplicationManager","DatabaseName":"bw.ifs.app","ConnectionStringName":"IFS.AppsMngr.DAL.ConnectionString","FolderNameForInstall":"Database","SourceFolderPathForInstall":"X:\\IFSInstall\\ExtractFolder\\IFS_BW\\Publish\\Database","InstallLocationPathForInstall":"X:\\Program Files (x86)\\i-Financial\\IFS_BW\\Database","SqlFileNameForInstall":"ApplicationManager.sql","SqlFilePathForInstall":"X:\\Program Files (x86)\\i-Financial\\IFS_BW\\Database\\ApplicationManager.sql","FolderNameForUpdate":"DBUpdates/ApplicationManager","SourceFolderPathForUpdate":"X:\\IFSInstall\\ExtractFolder\\IFS_BW\\Publish\\DBUpdates/ApplicationManager","InstallLocationPathForUpdate":"X:\\Program Files (x86)\\i-Financial\\IFS_BW\\DBUpdates/ApplicationManager","DataFileLocation":null,"LogFileLocation":null,"$type":"AuthenticationDatabaseModule"},"BankwareDB":{"InstanceName":"(Local)","IntegratedSecurity":false,"Username":{"Encrypted":"jYZStL6qS9o5sdAI5oL3DaPMI89f/ivk963UWmAiPR0=","PlainText":"bw.ifs.bw.sqluser","IsNotNullOrEmpty":true,"IsNullOrEmpty":false,"$type":"EncryptionString"},"Password":{"Encrypted":"EFHiciTjsTXI4PCYqh1RFdgmZjsHiejJ4f3RrBVFcY0=","PlainText":"bw.ifs.bw.sqlpwd","IsNotNullOrEmpty":true,"IsNullOrEmpty":false,"$type":"EncryptionString"},"Encrypt":true,"TrustServerCertificate":null,"ShouldInstall":true,"UseExistingDatabase":false,"DatabaseIdentifier":"Bankware","DatabaseName":"bw.ifs.bw","ConnectionStringName":"IFS.Bankware.DAL.ConnectionString","FolderNameForInstall":"Database","SourceFolderPathForInstall":"X:\\IFSInstall\\ExtractFolder\\IFS_BW\\Publish\\Database","InstallLocationPathForInstall":"X:\\Program Files (x86)\\i-Financial\\IFS_BW\\Database","SqlFileNameForInstall":"BankWare.sql","SqlFilePathForInstall":"X:\\Program Files (x86)\\i-Financial\\IFS_BW\\Database\\BankWare.sql","FolderNameForUpdate":"DBUpdates/BankWare","SourceFolderPathForUpdate":"X:\\IFSInstall\\ExtractFolder\\IFS_BW\\Publish\\DBUpdates/BankWare","InstallLocationPathForUpdate":"X:\\Program Files (x86)\\i-Financial\\IFS_BW\\DBUpdates/BankWare","DataFileLocation":null,"LogFileLocation":null,"$type":"AuthenticationDatabaseModule"},"BW247DB":{"ShouldInstall":true,"UseExistingDatabase":false,"DatabaseIdentifier":"BW247","DatabaseName":"bw.ifs.bw247","ConnectionStringName":"IFS.Bankware.CPS.Nettiers.DAL.ConnectionString","FolderNameForInstall":"Database","SourceFolderPathForInstall":"X:\\IFSInstall\\ExtractFolder\\IFS_BW\\Publish\\Database","InstallLocationPathForInstall":"X:\\Program Files (x86)\\i-Financial\\IFS_BW\\Database","SqlFileNameForInstall":"BW247.sql","SqlFilePathForInstall":"X:\\Program Files (x86)\\i-Financial\\IFS_BW\\Database\\BW247.sql","FolderNameForUpdate":"DBUpdates/BW247","SourceFolderPathForUpdate":"X:\\IFSInstall\\ExtractFolder\\IFS_BW\\Publish\\DBUpdates/BW247","InstallLocationPathForUpdate":"X:\\Program Files (x86)\\i-Financial\\IFS_BW\\DBUpdates/BW247","DataFileLocation":null,"LogFileLocation":null,"$type":"DatabaseModule"},"DocumentDB":{"ShouldInstall":true,"UseExistingDatabase":false,"DatabaseIdentifier":"Document","DatabaseName":"bw.ifs.doc","ConnectionStringName":"IFS.Documentation.DAL.ConnectionString","FolderNameForInstall":"Database","SourceFolderPathForInstall":"X:\\IFSInstall\\ExtractFolder\\IFS_BW\\Publish\\Database","InstallLocationPathForInstall":"X:\\Program Files (x86)\\i-Financial\\IFS_BW\\Database","SqlFileNameForInstall":"Documents.sql","SqlFilePathForInstall":"X:\\Program Files (x86)\\i-Financial\\IFS_BW\\Database\\Documents.sql","FolderNameForUpdate":"DBUpdates/Documents","SourceFolderPathForUpdate":"X:\\IFSInstall\\ExtractFolder\\IFS_BW\\Publish\\DBUpdates/Documents","InstallLocationPathForUpdate":"X:\\Program Files (x86)\\i-Financial\\IFS_BW\\DBUpdates/Documents","DataFileLocation":null,"LogFileLocation":null,"$type":"DatabaseModule"},"ReportWarehouseDB":{"ShouldInstall":true,"UseExistingDatabase":false,"DatabaseIdentifier":"ReportWarehouse","DatabaseName":"bw.ifs.rpt","ConnectionStringName":"IFS.ReportWarehouse.DAL.ConnectionString","FolderNameForInstall":"Database","SourceFolderPathForInstall":"X:\\IFSInstall\\ExtractFolder\\IFS_BW\\Publish\\Database","InstallLocationPathForInstall":"X:\\Program Files (x86)\\i-Financial\\IFS_BW\\Database","SqlFileNameForInstall":"ReportWarehouse.sql","SqlFilePathForInstall":"X:\\Program Files (x86)\\i-Financial\\IFS_BW\\Database\\ReportWarehouse.sql","FolderNameForUpdate":"DBUpdates/ReportWarehouse","SourceFolderPathForUpdate":"X:\\IFSInstall\\ExtractFolder\\IFS_BW\\Publish\\DBUpdates/ReportWarehouse","InstallLocationPathForUpdate":"X:\\Program Files (x86)\\i-Financial\\IFS_BW\\DBUpdates/ReportWarehouse","DataFileLocation":null,"LogFileLocation":null,"$type":"DatabaseModule"},"BankwareWebsite":{"ShouldInstall":true,"SiteName":"bw.ifs.web","Bindings":[{"Scheme":"http","IPAddress":"*","Port":80,"HostName":"bw.ifs.web","Certificate":null,"$type":"BindingConfig"}],"BinaryFolderName":"BankwareWeb","BinaryFolderPath":"X:\\IFSInstall\\ExtractFolder\\IFS_BW\\Publish\\BankwareWeb","InstallFolderName":"BankwareWeb","InstallFolderPath":"X:\\inetpub\\i-Financial\\IFS_BW\\BankwareWeb","RequirementFolders":["log"],"UserFolders":["log"],"IgnoreFilesDuringUpdate":["bin\\IFS.Security.dll","bin\\IFS.SiteSpecific.Resources.dll"],"IgnoreFoldersDuringUpdate":[],"AppPoolNetClrVersion":"Ver4_0","StartAfterInstall":true,"InitialSettings":null,"VirtualDirectories":[{"Path":"aspnet_client","PhysicalPath":"C:\\inetpub\\wwwroot\\aspnet_client","$type":"VirtualDirectory"}],"$type":"WebsiteModule"},"KioskWebsite":{"ShouldInstall":true,"SiteName":"bw.ifs.kiosk","Bindings":[{"Scheme":"http","IPAddress":"*","Port":80,"HostName":"bw.ifs.kiosk","Certificate":null,"$type":"BindingConfig"}],"BinaryFolderName":"KioskWeb","BinaryFolderPath":"X:\\IFSInstall\\ExtractFolder\\IFS_BW\\Publish\\KioskWeb","InstallFolderName":"KioskWeb","InstallFolderPath":"X:\\inetpub\\i-Financial\\IFS_BW\\KioskWeb","RequirementFolders":["log"],"UserFolders":["log"],"IgnoreFilesDuringUpdate":["IFS.Security.dll","IFS.SiteSpecific.Resources.dll","appSettings.json"],"IgnoreFoldersDuringUpdate":[],"AppPoolNetClrVersion":"NoManagedCode","StartAfterInstall":true,"InitialSettings":null,"VirtualDirectories":[],"$type":"WebsiteModule"},"BankwareAPI":{"ShouldInstall":true,"SiteName":"bw.ifs.api","Bindings":[{"Scheme":"http","IPAddress":"*","Port":80,"HostName":"bw.ifs.api","Certificate":null,"$type":"BindingConfig"}],"BinaryFolderName":"BankwareAPI","BinaryFolderPath":"X:\\IFSInstall\\ExtractFolder\\IFS_BW\\Publish\\BankwareAPI","InstallFolderName":"BankwareAPI","InstallFolderPath":"X:\\inetpub\\i-Financial\\IFS_BW\\BankwareAPI","RequirementFolders":["log"],"UserFolders":["log"],"IgnoreFilesDuringUpdate":["ConnectionStrings.config","bin\\IFS.Security.dll","bin\\IFS.SiteSpecific.Resources.dll"],"IgnoreFoldersDuringUpdate":[],"AppPoolNetClrVersion":"Ver4_0","StartAfterInstall":true,"InitialSettings":null,"VirtualDirectories":[],"$type":"WebsiteModule"},"OpenAPI":{"ShouldInstall":true,"SiteName":"bw.ifs.open","Bindings":[{"Scheme":"http","IPAddress":"*","Port":80,"HostName":"bw.ifs.open","Certificate":null,"$type":"BindingConfig"}],"BinaryFolderName":"BWOpenAPI","BinaryFolderPath":"X:\\IFSInstall\\ExtractFolder\\IFS_BW\\Publish\\BWOpenAPI","InstallFolderName":"BWOpenAPI","InstallFolderPath":"X:\\inetpub\\i-Financial\\IFS_BW\\BWOpenAPI","RequirementFolders":["log"],"UserFolders":["log"],"IgnoreFilesDuringUpdate":["bin\\IFS.Security.dll","bin\\IFS.SiteSpecific.Resources.dll","appSettings.json"],"IgnoreFoldersDuringUpdate":[],"AppPoolNetClrVersion":"Ver4_0","StartAfterInstall":true,"InitialSettings":null,"VirtualDirectories":[],"$type":"WebsiteModule"},"CardsAPI":{"ShouldInstall":true,"SiteName":"bw.ifs.cards","Bindings":[{"Scheme":"http","IPAddress":"*","Port":80,"HostName":"bw.ifs.cards","Certificate":null,"$type":"BindingConfig"}],"BinaryFolderName":"CardsAPI","BinaryFolderPath":"X:\\IFSInstall\\ExtractFolder\\IFS_BW\\Publish\\CardsAPI","InstallFolderName":"CardsAPI","InstallFolderPath":"X:\\inetpub\\i-Financial\\IFS_BW\\CardsAPI","RequirementFolders":["log"],"UserFolders":["log"],"IgnoreFilesDuringUpdate":["ConnectionStrings.config","bin\\IFS.Security.dll","bin\\IFS.SiteSpecific.Resources.dll","appSettings.json"],"IgnoreFoldersDuringUpdate":[],"AppPoolNetClrVersion":"Ver4_0","StartAfterInstall":true,"InitialSettings":null,"VirtualDirectories":[],"$type":"WebsiteModule"},"CardsOpenAPI":{"ShouldInstall":true,"SiteName":"bw.ifs.cards.open","Bindings":[{"Scheme":"http","IPAddress":"*","Port":80,"HostName":"bw.ifs.cards.open","Certificate":null,"$type":"BindingConfig"}],"BinaryFolderName":"CardsOpenAPI","BinaryFolderPath":"X:\\IFSInstall\\ExtractFolder\\IFS_BW\\Publish\\CardsOpenAPI","InstallFolderName":"CardsOpenAPI","InstallFolderPath":"X:\\inetpub\\i-Financial\\IFS_BW\\CardsOpenAPI","RequirementFolders":["logs","log"],"UserFolders":["logs","log"],"IgnoreFilesDuringUpdate":["ConnectionStrings.config","appSettings.json"],"IgnoreFoldersDuringUpdate":[],"AppPoolNetClrVersion":"NoManagedCode","StartAfterInstall":true,"InitialSettings":null,"VirtualDirectories":[],"$type":"WebsiteModule"},"PSD2API":{"ShouldInstall":true,"SiteName":"bw.ifs.psd2","Bindings":[{"Scheme":"http","IPAddress":"*","Port":80,"HostName":"bw.ifs.psd2","Certificate":null,"$type":"BindingConfig"}],"BinaryFolderName":"PSD2API","BinaryFolderPath":"X:\\IFSInstall\\ExtractFolder\\IFS_BW\\Publish\\PSD2API","InstallFolderName":"PSD2API","InstallFolderPath":"X:\\inetpub\\i-Financial\\IFS_BW\\PSD2API","RequirementFolders":["log"],"UserFolders":["log"],"IgnoreFilesDuringUpdate":["bin\\IFS.Security.dll","bin\\IFS.SiteSpecific.Resources.dll","appSettings.json"],"IgnoreFoldersDuringUpdate":[],"AppPoolNetClrVersion":"Ver4_0","StartAfterInstall":true,"InitialSettings":null,"VirtualDirectories":[],"$type":"WebsiteModule"},"PSD2NETCore":{"ShouldInstall":true,"SiteName":"bw.ifs.psd2.open","Bindings":[{"Scheme":"http","IPAddress":"*","Port":80,"HostName":"bw.ifs.psd2.open","Certificate":null,"$type":"BindingConfig"}],"BinaryFolderName":"PSD2NETCore","BinaryFolderPath":"X:\\IFSInstall\\ExtractFolder\\IFS_BW\\Publish\\PSD2NETCore","InstallFolderName":"PSD2NETCore","InstallFolderPath":"X:\\inetpub\\i-Financial\\IFS_BW\\PSD2NETCore","RequirementFolders":["log"],"UserFolders":["log"],"IgnoreFilesDuringUpdate":["appSettings.json"],"IgnoreFoldersDuringUpdate":[],"AppPoolNetClrVersion":"NoManagedCode","StartAfterInstall":true,"InitialSettings":null,"VirtualDirectories":[],"$type":"WebsiteModule"},"TribeOpenAPI":{"ShouldInstall":true,"SiteName":"bw.ifs.tribe","Bindings":[{"Scheme":"http","IPAddress":"*","Port":80,"HostName":"bw.ifs.tribe","Certificate":null,"$type":"BindingConfig"}],"BinaryFolderName":"TribeOpenAPI","BinaryFolderPath":"X:\\IFSInstall\\ExtractFolder\\IFS_BW\\Publish\\TribeOpenAPI","InstallFolderName":"TribeOpenAPI","InstallFolderPath":"X:\\inetpub\\i-Financial\\IFS_BW\\TribeOpenAPI","RequirementFolders":["logs","log"],"UserFolders":["logs","log"],"IgnoreFilesDuringUpdate":["ConnectionStrings.config","appSettings.json"],"IgnoreFoldersDuringUpdate":[],"AppPoolNetClrVersion":"NoManagedCode","StartAfterInstall":true,"InitialSettings":null,"VirtualDirectories":[],"$type":"WebsiteModule"},"EODProcess":{"ShouldInstall":true,"BinaryFileName":"IFS.BankWareNET.OvernightProcessor.exe","BinaryFolderName":"Bankware","BinaryFolderPath":"X:\\IFSInstall\\ExtractFolder\\IFS_BW\\Publish\\Bankware","ApplicationName":null,"InstallFolderName":"Bankware","InstallFolderPath":"X:\\Program Files (x86)\\i-Financial\\IFS_BW\\Bankware","SchedulerTask":{"Name":"bw.ifs.eod","Description":"BankWare - Overnight Processor","DaysInterval":1,"StartAt":"20:00:00","$type":"SchedulerTask"},"RequirementFolders":["log"],"UserFolders":["log"],"IgnoreFilesDuringUpdate":["IFS.Security.dll","IFS.SiteSpecific.Resources.dll","appSettings.json","Backup.config.xml","Backup.Config.xsd","BankWare Reports.bat","entlib.config","FileOperations.Config.xml","FilesToCache.Config.xml","Archive PreEOY Reports.bat"],"IgnoreFoldersDuringUpdate":[],"StartAfterInstall":true,"InitialSettings":null,"$type":"SchedulerTaskModule"},"HeartBeat":{"ShouldInstall":true,"BinaryFileName":"IFS.Bankware.IBCHeartBeat.exe","BinaryFolderName":"HeartBeat","BinaryFolderPath":"X:\\IFSInstall\\ExtractFolder\\IFS_BW\\Publish\\HeartBeat","ServiceName":"bw.ifs.hb","Description":"Bankware - Heartbeat","InstallFolderName":"HeartBeat","InstallFolderPath":"X:\\Program Files (x86)\\i-Financial\\IFS_BW\\HeartBeat","RequirementFolders":["log"],"UserFolders":["log"],"IgnoreFilesDuringUpdate":["IFS.Security.dll","IFS.SiteSpecific.Resources.dll","appSettings.config"],"IgnoreFoldersDuringUpdate":[],"StartAfterInstall":true,"InitialSettings":null,"$type":"WindowsServiceModule"},"$type":"BankwareModule"},"InstanceName":"IFS_BW","ProductCode":"cd8553bc-09c9-445b-be04-2a8229690786","ProductType":"Bankware","Version":{"Major":10,"Minor":0,"Build":0,"Revision":0,"MajorRevision":0,"MinorRevision":0,"$type":"Version"},"BuildNumber":10,"BinaryFolderPath":"X:\\IFSInstall\\ExtractFolder\\IFS_BW\\Publish","SubPathInZipFile":"Publish","ProgramFilesPath":"X:\\Program Files (x86)\\i-Financial\\IFS_BW","BackupPath":"","InetpubPath":"X:\\inetpub\\i-Financial\\IFS_BW","SqlServer":{"InstanceName":"(Local)","IntegratedSecurity":false,"Username":{"Encrypted":"4u5dUGTpZjgh09w28kLEmw==","PlainText":"bw.ifs.sqluser","IsNotNullOrEmpty":true,"IsNullOrEmpty":false,"$type":"EncryptionString"},"Password":{"Encrypted":"XiLDqrbbUSUq5syOlYPalg==","PlainText":"bw.ifs.sqlpwd","IsNotNullOrEmpty":true,"IsNullOrEmpty":false,"$type":"EncryptionString"},"Encrypt":true,"TrustServerCertificate":false,"$type":"SqlServerConfig"},"AccountToRunServices":{"Username":{"Encrypted":null,"PlainText":null,"IsNotNullOrEmpty":false,"IsNullOrEmpty":true,"$type":"EncryptionString"},"Password":{"Encrypted":null,"PlainText":null,"IsNotNullOrEmpty":false,"IsNullOrEmpty":true,"$type":"EncryptionString"},"$type":"AccountToRunServicesConfig"},"SchemaVersion":8,"IsLatestVersion":true,"$type":"BankwareConfig"}
</StdOut>
      </Output>
    </UnitTestResult>
    <UnitTestResult executionId="766208d4-0061-4994-87cf-585165edbe3d" testId="b180e32d-9d46-5473-328c-982ab9d08d92" testName="When_JsonIsInvalid_Should_ReturnFalse" computerName="LT04" duration="00:00:00.0225248" startTime="2026-08-26T02:59:52.4002773+00:00" endTime="2026-08-26T02:59:52.4228021+00:00" testType="13CDC9D9-DDB5-4fa4-A97D-D965CCFC6D4B" outcome="Passed" testListId="8C84FA94-04C1-424b-9868-57A2D4851A1D" relativeResultsDirectory="766208d4-0061-4994-87cf-585165edbe3d">
      <Output>
        <StdOut>[ERR] Delivery.Core.Services.VersionUpService: Invalid json content: {
System.Text.Json.JsonReaderException: Expected depth to be zero at the end of the JSON payload. There is an open JSON object or array that should be closed. LineNumber: 0 | BytePositionInLine: 1.
   at System.Text.Json.ThrowHelper.ThrowJsonReaderException(Utf8JsonReader&amp; json, ExceptionResource resource, Byte nextByte, ReadOnlySpan`1 bytes)
   at System.Text.Json.Utf8JsonReader.ReadSingleSegment()
   at System.Text.Json.Utf8JsonReader.Read()
   at System.Text.Json.JsonDocument.Parse(ReadOnlySpan`1 utf8JsonSpan, JsonReaderOptions readerOptions, MetadataDb&amp; database, StackRowStack&amp; stack)
   at System.Text.Json.JsonDocument.Parse(ReadOnlyMemory`1 utf8Json, JsonReaderOptions readerOptions, Byte[] extraRentedArrayPoolBytes, PooledByteBufferWriter extraPooledByteBufferWriter, Boolean allowDuplicateProperties)
   at System.Text.Json.JsonDocument.Parse(ReadOnlyMemory`1 json, JsonDocumentOptions options)
   at System.Text.Json.JsonDocument.Parse(String json, JsonDocumentOptions options)
   at Delivery.Core.Services.VersionUpService.TryGetSchemaVersion(String json, Int32&amp; schemaVersion) in D:\Repos\IfsInstall\Git\Delivery.Core\Services\VersionUpService.cs:line 61
</StdOut>
      </Output>
    </UnitTestResult>
[...]
    <TestEntry testId="83196a0f-d3f9-71a6-ef39-21438d3f7ed1" executionId="bba3ecb4-79d9-4dbd-8bec-7e701215d6ad" testListId="8C84FA94-04C1-424b-9868-57A2D4851A1D" />
    <TestEntry testId="0b8aee77-5b65-9e41-bbaf-ff8afb7ca97c" executionId="57dc6b0d-0605-4956-b91f-f8d9c60c2a72" testListId="8C84FA94-04C1-424b-9868-57A2D4851A1D" />
    <TestEntry testId="d247e06b-c7b9-8adc-b38e-fc1bd68ec858" executionId="236a0005-5b3c-4c4f-87e4-c6cd96cd366c" testListId="8C84FA94-04C1-424b-9868-57A2D4851A1D" />
    <TestEntry testId="fdc7c38a-2594-e320-fc4d-31e0904500cd" executionId="9fd66baf-daa1-4506-8f66-21b00f092bd0" testListId="8C84FA94-04C1-424b-9868-57A2D4851A1D" />
    <TestEntry testId="bce393a8-db8d-02f5-ad38-320370d74363" executionId="15736317-ae61-4723-b7dc-413b7641e2cc" testListId="8C84FA94-04C1-424b-9868-57A2D4851A1D" />
    <TestEntry testId="8c3d6798-e7ad-5fb0-6528-0b84052b62ea" executionId="b1a75fd1-800d-4aaa-9f17-ab184976d4bf" testListId="8C84FA94-04C1-424b-9868-57A2D4851A1D" />
    <TestEntry testId="9d6ee293-5525-d940-abe9-191253a7c8bf" executionId="ee46da73-0ed5-42fb-8e9d-d95115ca1e85" testListId="8C84FA94-04C1-424b-9868-57A2D4851A1D" />
    <TestEntry testId="3dc2adda-1168-6f03-6183-b693b41b7a3e" executionId="16d2268a-ee1d-4056-b3fa-6a9f21d3c418" testListId="8C84FA94-04C1-424b-9868-57A2D4851A1D" />
    <TestEntry testId="f5d276de-90f5-d238-3384-359885789971" executionId="3fd19ca7-c337-47bf-813c-7bbf41cc8d2d" testListId="8C84FA94-04C1-424b-9868-57A2D4851A1D" />
    <TestEntry testId="e0a84c1f-3e9e-50da-59d0-0fe88df571b1" executionId="34d84cb8-a5f6-4c80-a14f-df8bda73e274" testListId="8C84FA94-04C1-424b-9868-57A2D4851A1D" />
    <TestEntry testId="c98dfad0-9345-d77f-de6f-69e9fed59932" executionId="0cf40904-c896-4df3-b834-08a579e40b24" testListId="8C84FA94-04C1-424b-9868-57A2D4851A1D" />
    <TestEntry testId="ded7b289-6390-28c4-1b32-ae2bf2d3a440" executionId="604c25af-83e9-4961-b136-2b5dbacf34c4" testListId="8C84FA94-04C1-424b-9868-57A2D4851A1D" />
    <TestEntry testId="695578b8-24a1-35a0-ed48-b8b3362cf8f6" executionId="5ee571d5-6890-41d9-a66b-00c27b7cda15" testListId="8C84FA94-04C1-424b-9868-57A2D4851A1D" />
    <TestEntry testId="9eba9ce1-26d9-b0ce-61d7-1d24ba219786" executionId="74f3cf0c-18ec-4c53-af7d-269c0c8055de" testListId="8C84FA94-04C1-424b-9868-57A2D4851A1D" />
    <TestEntry testId="f24587de-31d5-e9da-0f9b-42e305978cc7" executionId="2fda4657-dc8a-4c0c-a84f-98af81c90eb8" testListId="8C84FA94-04C1-424b-9868-57A2D4851A1D" />
    <TestEntry testId="0ac14563-17a5-5742-577e-22562065e70e" executionId="19028d43-662f-4917-8224-be10366472fc" testListId="8C84FA94-04C1-424b-9868-57A2D4851A1D" />
    <TestEntry testId="64569a3c-29a4-58f5-a3e2-0d1565e7cf19" executionId="0904a612-3090-4be6-ae7e-ec911963a5e5" testListId="8C84FA94-04C1-424b-9868-57A2D4851A1D" />
    <TestEntry testId="813277da-3539-cc6b-49e5-aab877ab5fe9" executionId="adca9b20-3b85-451d-9f73-5caa035b06da" testListId="8C84FA94-04C1-424b-9868-57A2D4851A1D" />
    <TestEntry testId="830de54e-1cd5-cd8e-5993-45ebee541cdb" executionId="4459f6be-d857-45f5-9ca4-63d59e7498f2" testListId="8C84FA94-04C1-424b-9868-57A2D4851A1D" />
    <TestEntry testId="337db8c6-6175-a5bd-9dbe-513a91ec7e4b" executionId="7f44e4ad-9d4e-4b81-9368-7a6a3663c60c" testListId="8C84FA94-04C1-424b-9868-57A2D4851A1D" />
    <TestEntry testId="bcccf838-a4ef-592b-999e-bc5c695ad385" executionId="5b56336f-30a6-4534-88ee-0dd5b3cd18ef" testListId="8C84FA94-04C1-424b-9868-57A2D4851A1D" />
    <TestEntry testId="c1a7576e-19e0-1bb9-5fe4-47044ffea936" executionId="dca8ec68-b8a8-4a96-93da-bc55049a0b0d" testListId="8C84FA94-04C1-424b-9868-57A2D4851A1D" />
    <TestEntry testId="73ef7487-effc-dfe8-484e-b1038e1f35ed" executionId="43634a0a-1b3d-4f19-9086-e0263a3a5330" testListId="8C84FA94-04C1-424b-9868-57A2D4851A1D" />
    <TestEntry testId="4d7a37b6-97e3-bc9c-b084-3601e8d7b6cf" executionId="9d6db102-a803-407d-916c-81ec329428e1" testListId="8C84FA94-04C1-424b-9868-57A2D4851A1D" />
    <TestEntry testId="0e9bd98f-63f5-6b76-2fde-a1d90e7be321" executionId="dcf3aa4a-37e9-4341-ba1e-f45e80e84b12" testListId="8C84FA94-04C1-424b-9868-57A2D4851A1D" />
    <TestEntry testId="467485b4-03ed-b585-0976-dd4446313f4d" executionId="03781252-6a47-4bc8-a4e6-c587b6f3985c" testListId="8C84FA94-04C1-424b-9868-57A2D4851A1D" />
    <TestEntry testId="f4c62e31-a524-b3d4-edd8-78ff9c93fd21" executionId="fcac1f4b-19dd-494c-8d19-01a6ad2cf798" testListId="8C84FA94-04C1-424b-9868-57A2D4851A1D" />
    <TestEntry testId="d0704a3d-7493-3629-e061-f050b3cc8acf" executionId="ed5b82c0-ef88-4e08-bfe1-429f5d343a8a" testListId="8C84FA94-04C1-424b-9868-57A2D4851A1D" />
    <TestEntry testId="31894f72-a082-fb8f-4d4e-e2c214419654" executionId="8133501c-fad5-436d-bb98-f1e355e47b7c" testListId="8C84FA94-04C1-424b-9868-57A2D4851A1D" />
    <TestEntry testId="c44de312-5fa4-ad54-abd6-7492c1ea4df9" executionId="da269efb-415b-49f4-95c5-1386050c0460" testListId="8C84FA94-04C1-424b-9868-57A2D4851A1D" />
    <TestEntry testId="f7fb8eaf-cf52-50a6-aa30-8975c25acc96" executionId="a67ea162-b25a-4f31-ba2f-71654c904661" testListId="8C84FA94-04C1-424b-9868-57A2D4851A1D" />
    <TestEntry testId="3dec5806-d940-f13a-b3c6-f88c52e08d08" executionId="e84e89e7-1eef-4af0-92b3-500be7e50f70" testListId="8C84FA94-04C1-424b-9868-57A2D4851A1D" />
    <TestEntry testId="c63607e6-81f2-8f9a-9265-8c780867e5ea" executionId="de6a90e6-9690-46b5-8444-565cd19658aa" testListId="8C84FA94-04C1-424b-9868-57A2D4851A1D" />
    <TestEntry testId="77d307a2-24c5-3858-9ca0-130660508c3a" executionId="753a3e09-c779-408d-8efb-4a86b0308a77" testListId="8C84FA94-04C1-424b-9868-57A2D4851A1D" />
    <TestEntry testId="b187b47f-6cec-9fc8-d59e-2223dfe5d0b9" executionId="bebfea4f-dd25-47e8-ba12-16f08c7ced85" testListId="8C84FA94-04C1-424b-9868-57A2D4851A1D" />
    <TestEntry testId="22fde48a-959d-4afb-c845-2ef42f2cc201" executionId="6bf4bc99-bcb9-4e7f-a10b-26406beb44f9" testListId="8C84FA94-04C1-424b-9868-57A2D4851A1D" />
    <TestEntry testId="6a5a8660-44dc-d325-1603-03cae66b7321" executionId="60f469e3-8628-4c28-bc51-896bbcd81e15" testListId="8C84FA94-04C1-424b-9868-57A2D4851A1D" />
    <TestEntry testId="684d5798-b642-46eb-7291-06bf49f57423" executionId="bfdc4d15-c4e7-4a06-9215-6d801378ff05" testListId="8C84FA94-04C1-424b-9868-57A2D4851A1D" />
    <TestEntry testId="4337003d-e235-1dd3-5e7e-09931ee8943c" executionId="534c5147-cf92-4505-ab6d-e6aed9949483" testListId="8C84FA94-04C1-424b-9868-57A2D4851A1D" />
    <TestEntry testId="c905b983-3111-e45d-f3bf-566ab832ae52" executionId="e868f4b3-63ba-4728-b7de-7aed3003a545" testListId="8C84FA94-04C1-424b-9868-57A2D4851A1D" />
    <TestEntry testId="e5b5610a-39aa-c9b3-862f-84712b805d1e" executionId="78a34b38-9bda-4951-ba85-f30345674758" testListId="8C84FA94-04C1-424b-9868-57A2D4851A1D" />
    <TestEntry testId="8dd8ec22-4027-f151-5682-32adb07f2002" executionId="ecc80802-6a9a-49cd-be79-88ce7af12a6e" testListId="8C84FA94-04C1-424b-9868-57A2D4851A1D" />
    <TestEntry testId="f2e10c7b-3a94-ff3b-f212-f232af8ea19a" executionId="694b8bbc-cc3b-4c6e-955e-ddd24acfc73c" testListId="8C84FA94-04C1-424b-9868-57A2D4851A1D" />
    <TestEntry testId="fbf3ab7c-9038-9865-f928-bf60fddd28c1" executionId="c0e8793a-2ba7-4c94-9a6b-e573b0410d28" testListId="8C84FA94-04C1-424b-9868-57A2D4851A1D" />
    <TestEntry testId="8cfc2542-1c35-359f-fc13-ac0e1127856e" executionId="8e091d67-a5d0-436c-b6b2-fec1ea6844ed" testListId="8C84FA94-04C1-424b-9868-57A2D4851A1D" />
    <TestEntry testId="cdf3a62c-dab6-27b3-73d6-5a05d0bf1975" executionId="383e38c4-6eb4-4718-aafe-0ea515d2a0c8" testListId="8C84FA94-04C1-424b-9868-57A2D4851A1D" />
    <TestEntry testId="8d3c4cd3-5a0e-2902-7cb9-2cbde0dc47a4" executionId="76dbdbe7-95cf-467d-b9cd-f7b86de97b99" testListId="8C84FA94-04C1-424b-9868-57A2D4851A1D" />
    <TestEntry testId="9cc8d6b6-0a30-e54e-3426-e578e0e5c6ab" executionId="c33449fa-2a85-4f18-a2df-c8c144e4d135" testListId="8C84FA94-04C1-424b-9868-57A2D4851A1D" />
    <TestEntry testId="e3a48024-024f-4d8e-e7ce-c48864b98572" executionId="f9111897-454a-4b2a-83c7-eb52b86fcf4e" testListId="8C84FA94-04C1-424b-9868-57A2D4851A1D" />
    <TestEntry testId="fd43a5f0-a5dd-76c7-c72f-0a38420d3ad9" executionId="50eb48b2-8b6a-43ef-92f0-06ceb325b193" testListId="8C84FA94-04C1-424b-9868-57A2D4851A1D" />
    <TestEntry testId="e6dca1d5-48d7-d0a6-1e98-1e4482fa141e" executionId="91227ecb-3499-49cf-884b-24ff19714216" testListId="8C84FA94-04C1-424b-9868-57A2D4851A1D" />
    <TestEntry testId="542ad6ee-9d35-ae04-1fd7-20dc66e4f3d9" executionId="d542b186-b6b6-45f4-9778-a28d79d7e3b2" testListId="8C84FA94-04C1-424b-9868-57A2D4851A1D" />
    <TestEntry testId="a196cb07-5e26-7c17-c40d-7c2288ba24a1" executionId="70cbb8c1-cbbf-433d-ba07-85b3a8d97585" testListId="8C84FA94-04C1-424b-9868-57A2D4851A1D" />
    <TestEntry testId="169dad01-049b-92c4-8d3b-64fb9f298421" executionId="3a00dc9f-cf97-4440-977d-b8dc1539924d" testListId="8C84FA94-04C1-424b-9868-57A2D4851A1D" />
    <TestEntry testId="644ccdfa-41df-7a38-8b57-498610553b5d" executionId="4123cb0e-ff31-4ab7-9ecc-5cfa73195453" testListId="8C84FA94-04C1-424b-9868-57A2D4851A1D" />
    <TestEntry testId="b3a8a02f-ba83-0f55-7f05-fdda34e552ab" executionId="669b6e42-ced0-4084-89ad-4c2ef8e019ca" testListId="8C84FA94-04C1-424b-9868-57A2D4851A1D" />
    <TestEntry testId="409f44c2-8039-d634-66ba-eec32de27f1c" executionId="d1eaa7da-ddbf-479b-8857-b9a3b81b8d77" testListId="8C84FA94-04C1-424b-9868-57A2D4851A1D" />
    <TestEntry testId="85b706ba-4169-2cbc-9fdc-28f0493061b7" executionId="b52adeec-9eee-4dae-9832-81c428256174" testListId="8C84FA94-04C1-424b-9868-57A2D4851A1D" />
    <TestEntry testId="0fe6c700-6063-c6d1-59eb-e24fee746f6c" executionId="4292280b-9ac7-465b-b572-42e1182872e6" testListId="8C84FA94-04C1-424b-9868-57A2D4851A1D" />
    <TestEntry testId="b0f87c59-1538-20ca-d308-43519e00f506" executionId="bc558895-a458-4852-8747-d92cdebefdae" testListId="8C84FA94-04C1-424b-9868-57A2D4851A1D" />
    <TestEntry testId="882a5ab9-b5dc-b124-b713-36565d58cef1" executionId="b5f843c5-b42d-4ed2-ac95-ed3e58f33c4a" testListId="8C84FA94-04C1-424b-9868-57A2D4851A1D" />
    <TestEntry testId="f70fd82d-bfc0-929d-aed0-b47227249995" executionId="9b6fdb36-6253-4469-b86e-72e5adfedac6" testListId="8C84FA94-04C1-424b-9868-57A2D4851A1D" />
    <TestEntry testId="a2cfe213-d96b-3ced-0293-e74919f7b27a" executionId="9db47421-2421-4652-b83a-22f4e611dc2c" testListId="8C84FA94-04C1-424b-9868-57A2D4851A1D" />
    <TestEntry testId="acf60f58-3ab1-c6fc-8fd0-ad20353dd199" executionId="6dfbc9b5-c90d-4bba-b409-a3edba08c1a7" testListId="8C84FA94-04C1-424b-9868-57A2D4851A1D" />
    <TestEntry testId="0f390c11-8737-8517-b23a-0b1742966577" executionId="58d29d8a-dfeb-4e33-ac6c-ac3c299ab272" testListId="8C84FA94-04C1-424b-9868-57A2D4851A1D" />
    <TestEntry testId="9546e706-cd96-5aad-c47d-04790c5a65b8" executionId="e2ffa307-88bf-4f92-b9ba-543256dc2dbe" testListId="8C84FA94-04C1-424b-9868-57A2D4851A1D" />
    <TestEntry testId="a7d11af0-a92f-7071-c624-0c3fe6e95de7" executionId="93e0578f-2618-4a36-a4f6-2e8c8651ba7f" testListId="8C84FA94-04C1-424b-9868-57A2D4851A1D" />
    <TestEntry testId="24c216b9-94c7-4683-bfdc-2a098e5c6359" executionId="563faf3e-b49a-4bb0-b000-a9c160c76770" testListId="8C84FA94-04C1-424b-9868-57A2D4851A1D" />
    <TestEntry testId="b4302fe6-602e-8fdd-ec02-47f6567b735c" executionId="ed1d0911-bc9c-44d6-89d2-2e08c1f56525" testListId="8C84FA94-04C1-424b-9868-57A2D4851A1D" />
    <TestEntry testId="3ac9c911-8e82-0785-9bc2-9ecbe6c230f9" executionId="e1f9a1cd-6ff9-455a-985e-74355173ae21" testListId="8C84FA94-04C1-424b-9868-57A2D4851A1D" />
    <TestEntry testId="80523976-79c0-a5d2-72a3-759b41ee9fbc" executionId="5e1f8145-34e4-4f94-b6eb-a1ddf536e3c1" testListId="8C84FA94-04C1-424b-9868-57A2D4851A1D" />
    <TestEntry testId="e61f50c7-a299-47ec-ebc9-e9787cc87ae8" executionId="9893b4d5-fc27-4c4b-bd81-c95e5a737057" testListId="8C84FA94-04C1-424b-9868-57A2D4851A1D" />
    <TestEntry testId="6c6a333d-a534-7789-2aa4-7f12000eff45" executionId="db9f1936-b3c1-478d-9677-597984623e42" testListId="8C84FA94-04C1-424b-9868-57A2D4851A1D" />
    <TestEntry testId="ad746d35-af07-c9cf-551a-aa9b054dd1b9" executionId="80df69de-e825-483d-b5e3-163000cbe29b" testListId="8C84FA94-04C1-424b-9868-57A2D4851A1D" />
    <TestEntry testId="825a5931-4813-5ab9-3372-4b02f75e52c3" executionId="59fb661e-db59-47a6-b67b-ccf64cdf9f21" testListId="8C84FA94-04C1-424b-9868-57A2D4851A1D" />
    <TestEntry testId="6fdc0537-77fb-f8a7-6230-3e749fdf20c0" executionId="3d08bd21-db1e-4bab-ae7c-2953dea6831c" testListId="8C84FA94-04C1-424b-9868-57A2D4851A1D" />
    <TestEntry testId="b32c0c57-c219-1460-de4b-ccb59492ebd8" executionId="91e4bc9c-cb6d-4f65-9f81-865e7eef523b" testListId="8C84FA94-04C1-424b-9868-57A2D4851A1D" />
    <TestEntry testId="3d97aba2-2a6d-6a7f-7c04-b807ca181b39" executionId="c4d60268-895f-4b0f-91e8-c78e6720c21b" testListId="8C84FA94-04C1-424b-9868-57A2D4851A1D" />
    <TestEntry testId="6100b4a6-368c-3081-6962-281c344a8422" executionId="d91e16be-772f-49fd-827f-9236265592f6" testListId="8C84FA94-04C1-424b-9868-57A2D4851A1D" />
    <TestEntry testId="0f037e05-2ee1-b877-fd77-055ca89d8c00" executionId="8149f88f-41ac-4498-a1ce-ffa52dc84ca8" testListId="8C84FA94-04C1-424b-9868-57A2D4851A1D" />
    <TestEntry testId="ef1a9780-180b-1c3c-9394-7f718862bfd5" executionId="d4a401d0-a93b-410f-9574-0fa13563c8ae" testListId="8C84FA94-04C1-424b-9868-57A2D4851A1D" />
    <TestEntry testId="0d09d259-04d5-a9e4-cd66-5a70a2ab4d4f" executionId="01284b52-e780-408d-aa69-b12ddad930b8" testListId="8C84FA94-04C1-424b-9868-57A2D4851A1D" />
    <TestEntry testId="c7af0980-f291-870e-cf12-8f03b8bddaac" executionId="b3050b0c-8450-49ef-9c4d-f591f9b3d3a6" testListId="8C84FA94-04C1-424b-9868-57A2D4851A1D" />
    <TestEntry testId="93a540d0-d72a-e562-f533-810f730ad3d0" executionId="b99388c9-0a7f-42df-92ff-09176bfd64d8" testListId="8C84FA94-04C1-424b-9868-57A2D4851A1D" />
    <TestEntry testId="a55ace37-954d-5189-fd56-1d5aa2711e23" executionId="043922e2-4acc-428e-893b-cd143c0cb374" testListId="8C84FA94-04C1-424b-9868-57A2D4851A1D" />
    <TestEntry testId="c0043a52-1ab2-3eb3-2edc-dafc7069bc8d" executionId="3211c28b-d7e4-4aa7-99a8-9d61d07d9d41" testListId="8C84FA94-04C1-424b-9868-57A2D4851A1D" />
    <TestEntry testId="2756bb59-88fc-7a9a-1900-acf202ce32c3" executionId="701d5e8d-121e-4224-b538-e280df3d2fa7" testListId="8C84FA94-04C1-424b-9868-57A2D4851A1D" />
    <TestEntry testId="27051bfc-9511-c66f-a858-bcaa2ca79023" executionId="aaea47d9-6997-4172-8b0d-eb1df7dddad3" testListId="8C84FA94-04C1-424b-9868-57A2D4851A1D" />
    <TestEntry testId="a5eeaeba-bc57-9304-d81a-d3474d6ee957" executionId="20f7dd8d-f8ce-4438-8386-524edb515834" testListId="8C84FA94-04C1-424b-9868-57A2D4851A1D" />
    <TestEntry testId="197d6007-56f8-ebad-27b9-62eef4a2363f" executionId="dbac11f5-6bf6-4172-813c-53fc3c6a57fa" testListId="8C84FA94-04C1-424b-9868-57A2D4851A1D" />
    <TestEntry testId="66b6b647-7c76-ea36-1d75-2418b227ba11" executionId="24683628-03dc-4428-a188-5a4cf9a860b8" testListId="8C84FA94-04C1-424b-9868-57A2D4851A1D" />
    <TestEntry testId="9bc8ff00-1e52-728d-f738-ee92474f3d22" executionId="8dda501b-9d88-4bd6-8047-d3a4f26d2287" testListId="8C84FA94-04C1-424b-9868-57A2D4851A1D" />
    <TestEntry testId="38c69325-3ee6-a2f6-267c-de5be06e55e4" executionId="c71ff05d-ac5c-41a7-964b-50b7ec7e49a5" testListId="8C84FA94-04C1-424b-9868-57A2D4851A1D" />
    <TestEntry testId="f2429ae3-5d75-cf1b-a157-b0db48ad3411" executionId="25bfa55b-904a-4f8b-9d48-736ca7ccbb47" testListId="8C84FA94-04C1-424b-9868-57A2D4851A1D" />
    <TestEntry testId="df1b24c6-3e91-b7c1-7e2c-f4629904cf63" executionId="14d15e1f-9b05-491f-8e30-4f3e03c4fb9d" testListId="8C84FA94-04C1-424b-9868-57A2D4851A1D" />
    <TestEntry testId="97fc3176-1240-7a23-34b3-b6a3a5746ff7" executionId="3072e325-73f9-482c-be57-c03f8b1d9891" testListId="8C84FA94-04C1-424b-9868-57A2D4851A1D" />
    <TestEntry testId="158aff06-be3f-a6dd-1010-2dbdcdbd8f2a" executionId="899e9514-c29d-4887-8174-9fab72816b19" testListId="8C84FA94-04C1-424b-9868-57A2D4851A1D" />
    <TestEntry testId="d0ba088f-ee75-ef2b-1b13-3b2b12146754" executionId="eecaf293-409d-4281-ba9f-59aa3749b3b8" testListId="8C84FA94-04C1-424b-9868-57A2D4851A1D" />
    <TestEntry testId="5dd8d192-863f-eb1e-df34-a147c5b7ee9f" executionId="23928e12-3592-4028-8a11-2470f68143a6" testListId="8C84FA94-04C1-424b-9868-57A2D4851A1D" />
    <TestEntry testId="77b078eb-2f53-caec-f599-c4eab93d6a07" executionId="d4ff1fdc-2c96-407e-a260-ba2a82ca437e" testListId="8C84FA94-04C1-424b-9868-57A2D4851A1D" />
    <TestEntry testId="b1dc7101-3057-64e2-e0f6-bf6f518572f4" executionId="29b813b5-dcb8-49c0-ac56-580309c242dd" testListId="8C84FA94-04C1-424b-9868-57A2D4851A1D" />
    <TestEntry testId="f5d52145-c923-1d70-c027-524083fd2508" executionId="4b2f0f18-bd0b-4c0a-af72-c865e26840c5" testListId="8C84FA94-04C1-424b-9868-57A2D4851A1D" />
    <TestEntry testId="4fd096ef-9770-f46a-2bf7-b9220b4365ab" executionId="d077015c-312c-4be7-a0cf-32886fb93732" testListId="8C84FA94-04C1-424b-9868-57A2D4851A1D" />
    <TestEntry testId="b2ca0b0c-49ff-9d72-a9f4-8832e2d58f9b" executionId="e260ad9f-3bcb-4c13-9b8f-943315a7a200" testListId="8C84FA94-04C1-424b-9868-57A2D4851A1D" />
    <TestEntry testId="76f5bba1-4887-8e85-a003-3a0ab7acc1c7" executionId="557b9c4e-8672-4723-bace-e7e6851b51ff" testListId="8C84FA94-04C1-424b-9868-57A2D4851A1D" />
    <TestEntry testId="99c650c9-6e35-cad0-96f3-2083c74a1d7a" executionId="ad506fca-dcee-4917-8061-8f00bc40dfe3" testListId="8C84FA94-04C1-424b-9868-57A2D4851A1D" />
    <TestEntry testId="1bac5c61-b108-57cf-8fa5-a4f4efea1190" executionId="d91bc94c-c39a-4696-84ab-0ad6fda8c3cf" testListId="8C84FA94-04C1-424b-9868-57A2D4851A1D" />
    <TestEntry testId="e304b089-5f41-b2c2-5a52-fb705d96d853" executionId="e8461e21-b803-4e47-924d-1ce5ab64be64" testListId="8C84FA94-04C1-424b-9868-57A2D4851A1D" />
    <TestEntry testId="cb7a823c-0f39-655b-9f37-ad22a848b804" executionId="989e1fca-f07d-4f5b-a229-6e135fdc18b2" testListId="8C84FA94-04C1-424b-9868-57A2D4851A1D" />
    <TestEntry testId="d7adf845-444e-2e88-4d5e-ee7609614ec5" executionId="158fbf75-698d-4ddc-9911-445963ef2559" testListId="8C84FA94-04C1-424b-9868-57A2D4851A1D" />
    <TestEntry testId="e56b43a1-0757-917a-33d8-2aae1058de3d" executionId="5c272aa0-31a3-4832-adc2-0b1d058fd987" testListId="8C84FA94-04C1-424b-9868-57A2D4851A1D" />
    <TestEntry testId="a3af1032-85d6-9c28-8671-fe35ddefe4d8" executionId="f0aabc34-6065-4992-a551-65222436e13b" testListId="8C84FA94-04C1-424b-9868-57A2D4851A1D" />
    <TestEntry testId="47fbbbb3-e7e3-7d3b-542a-f004800a7460" executionId="69c1c20b-a302-41ce-8696-3420c17f27d3" testListId="8C84FA94-04C1-424b-9868-57A2D4851A1D" />
    <TestEntry testId="cc45c106-9501-2de1-70bc-e660ccb8b85c" executionId="153c4fdf-8eab-4008-93bb-14110e62633f" testListId="8C84FA94-04C1-424b-9868-57A2D4851A1D" />
    <TestEntry testId="addbf2e1-2eba-6435-eafe-c533ce6313ad" executionId="c02fd768-83c0-4be7-870a-5fce9ec199a1" testListId="8C84FA94-04C1-424b-9868-57A2D4851A1D" />
  </TestEntries>
  <TestLists>
    <TestList name="Results Not in a List" id="8C84FA94-04C1-424b-9868-57A2D4851A1D" />
    <TestList name="All Loaded Results" id="19431567-8539-422a-85d7-44ee4e166bda" />
  </TestLists>
  <ResultSummary outcome="Completed">
    <Counters total="197" executed="197" passed="197" failed="0" error="0" timeout="0" aborted="0" inconclusive="0" passedButRunAborted="0" notRunnable="0" notExecuted="0" disconnected="0" warning="0" completed="0" inProgress="0" pending="0" />
    <CollectorDataEntries>
      <Collector agentName="LT04" uri="datacollector://TUnitExtensionHtmlReporter/1.65.38.0" collectorDisplayName="TUnit">
        <UriAttachments>
          <UriAttachment>
            <A href="LT04\Delivery.Core.IntTests-windows-net10.0-report.html" />
          </UriAttachment>
        </UriAttachments>
      </Collector>
    </CollectorDataEntries>
  </ResultSummary>
</TestRun>